Log file open, 05/12/20 12:27:32
LogWindows: Failed to load 'aqProf.dll' (GetLastError=126)
LogWindows: File 'aqProf.dll' does not exist
LogWindows: Failed to load 'VtuneApi.dll' (GetLastError=126)
LogWindows: File 'VtuneApi.dll' does not exist
LogWindows: Failed to load 'VtuneApi32e.dll' (GetLastError=126)
LogWindows: File 'VtuneApi32e.dll' does not exist
LogConsoleResponse: Display: Failed to find resolution value strings in scalability ini. Falling back to default.
LogInit: Display: Running engine for game: Swarm_Alien
LogPlatformFile: Not using cached read wrapper
LogTaskGraph: Started task graph with 5 named threads and 23 total threads with 3 sets of task threads.
LogStats: Stats thread started at 0.227849
LogD3D11RHI: Loaded GFSDK_Aftermath_Lib.x64.dll
LogICUInternationalization: ICU TimeZone Detection - Raw Offset: -5:00, Platform Override: ''
LogPluginManager: Mounting plugin Paper2D
LogPluginManager: Mounting plugin AISupport
LogPluginManager: Mounting plugin LightPropagationVolume
LogPluginManager: Mounting plugin ActorLayerUtilities
LogPluginManager: Mounting plugin AnimationSharing
LogPluginManager: Mounting plugin CLionSourceCodeAccess
LogPluginManager: Mounting plugin CodeLiteSourceCodeAccess
LogPluginManager: Mounting plugin GitSourceControl
LogPluginManager: Mounting plugin KDevelopSourceCodeAccess
LogPluginManager: Mounting plugin NullSourceCodeAccess
LogPluginManager: Mounting plugin PerforceSourceControl
LogPluginManager: Mounting plugin PlasticSourceControl
LogPluginManager: Mounting plugin SubversionSourceControl
LogPluginManager: Mounting plugin UObjectPlugin
LogPluginManager: Mounting plugin VisualStudioCodeSourceCodeAccess
LogPluginManager: Mounting plugin VisualStudioSourceCodeAccess
LogPluginManager: Mounting plugin XCodeSourceCodeAccess
LogPluginManager: Mounting plugin AssetManagerEditor
LogPluginManager: Mounting plugin CryptoKeys
LogPluginManager: Mounting plugin CurveEditorTools
LogPluginManager: Mounting plugin DataValidation
LogPluginManager: Mounting plugin FacialAnimation
LogPluginManager: Mounting plugin GameplayTagsEditor
LogPluginManager: Mounting plugin MacGraphicsSwitching
LogPluginManager: Mounting plugin MaterialAnalyzer
LogPluginManager: Mounting plugin MobileLauncherProfileWizard
LogPluginManager: Mounting plugin PluginBrowser
LogPluginManager: Mounting plugin SpeedTreeImporter
LogPluginManager: Mounting plugin DatasmithContent
LogPluginManager: Mounting plugin VariantManagerContent
LogPluginManager: Mounting plugin AlembicImporter
LogPluginManager: Mounting plugin AutomationUtils
LogPluginManager: Mounting plugin BackChannel
LogPluginManager: Mounting plugin CharacterAI
LogPluginManager: Mounting plugin GeometryCache
LogPluginManager: Mounting plugin PlatformCrypto
LogPluginManager: Mounting plugin ProxyLODPlugin
LogPluginManager: Mounting plugin SkeletalReduction
LogPluginManager: Mounting plugin MagicLeap
LogPluginManager: Mounting plugin MagicLeapMedia
LogPluginManager: Mounting plugin MLSDK
LogPluginManager: Mounting plugin AndroidMedia
LogPluginManager: Mounting plugin AvfMedia
LogPluginManager: Mounting plugin ImgMedia
LogPluginManager: Mounting plugin MediaCompositing
LogPluginManager: Mounting plugin MediaPlayerEditor
LogPluginManager: Mounting plugin WebMMedia
LogPluginManager: Mounting plugin WmfMedia
LogPluginManager: Mounting plugin TcpMessaging
LogPluginManager: Mounting plugin UdpMessaging
LogPluginManager: Mounting plugin ActorSequence
LogPluginManager: Mounting plugin LevelSequenceEditor
LogPluginManager: Mounting plugin MatineeToLevelSequence
LogPluginManager: Mounting plugin NetcodeUnitTest
LogPluginManager: Mounting plugin NUTUnrealEngine4
LogPluginManager: Mounting plugin OnlineSubsystemGooglePlay
LogPluginManager: Mounting plugin OnlineSubsystemIOS
LogPluginManager: Mounting plugin OnlineSubsystem
LogPluginManager: Mounting plugin OnlineSubsystemNull
LogPluginManager: Mounting plugin OnlineSubsystemUtils
LogPluginManager: Mounting plugin LauncherChunkInstaller
LogPluginManager: Mounting plugin AndroidDeviceProfileSelector
LogPluginManager: Mounting plugin AndroidMoviePlayer
LogPluginManager: Mounting plugin AndroidPermission
LogPluginManager: Mounting plugin AppleImageUtils
LogPluginManager: Mounting plugin AppleMoviePlayer
LogPluginManager: Mounting plugin ArchVisCharacter
LogPluginManager: Mounting plugin AssetTags
LogPluginManager: Mounting plugin AudioCapture
LogPluginManager: Mounting plugin CableComponent
LogPluginManager: Mounting plugin CustomMeshComponent
LogPluginManager: Mounting plugin EditableMesh
LogPluginManager: Mounting plugin ExampleDeviceProfileSelector
LogPluginManager: Mounting plugin GoogleCloudMessaging
LogPluginManager: Mounting plugin IOSDeviceProfileSelector
LogPluginManager: Mounting plugin LinuxDeviceProfileSelector
LogPluginManager: Mounting plugin LocationServicesBPLibrary
LogPluginManager: Mounting plugin MobilePatchingUtils
LogPluginManager: Mounting plugin OculusVR
LogPluginManager: Mounting plugin PhysXVehicles
LogPluginManager: Mounting plugin PostSplashScreen
LogPluginManager: Mounting plugin ProceduralMeshComponent
LogPluginManager: Mounting plugin RuntimePhysXCooking
LogPluginManager: Mounting plugin SignificanceManager
LogPluginManager: Mounting plugin SteamVR
LogPluginManager: Mounting plugin WebMMoviePlayer
LogPluginManager: Mounting plugin WindowsMoviePlayer
LogPluginManager: Mounting plugin ScreenshotTools
LogPluginManager: Mounting plugin Wwise
LogInit: Using libcurl 7.55.1-DEV
LogInit:  - built for x86_64-pc-win32
LogInit:  - supports SSL with OpenSSL/1.1.1
LogInit:  - supports HTTP deflate (compression) using libz 1.2.8
LogInit:  - other features:
LogInit:      CURL_VERSION_SSL
LogInit:      CURL_VERSION_LIBZ
LogInit:      CURL_VERSION_IPV6
LogInit:      CURL_VERSION_ASYNCHDNS
LogInit:      CURL_VERSION_LARGEFILE
LogInit:      CURL_VERSION_IDN
LogInit:  CurlRequestOptions (configurable via config and command line):
LogInit:  - bVerifyPeer = true  - Libcurl will verify peer certificate
LogInit:  - bUseHttpProxy = false  - Libcurl will NOT use HTTP proxy
LogInit:  - bDontReuseConnections = false  - Libcurl will reuse connections
LogInit:  - MaxHostConnections = 16  - Libcurl will limit the number of connections to a host
LogInit:  - LocalHostAddr = Default
LogInit:  - BufferSize = 65536
LogOnline: OSS: Creating online subsystem instance for: NULL
LogInit: WinSock: version 1.1 (2.2), MaxSocks=32767, MaxUdp=65467
LogOnline: OSS: TryLoadSubsystemAndSetDefault: Loaded subsystem for module [NULL]
LogInit: Build: ++UE4+Release-4.24-CL-11590370
LogInit: Engine Version: 4.24.3-11590370+++UE4+Release-4.24
LogInit: Compatible Engine Version: 4.24.0-10570792+++UE4+Release-4.24
LogInit: Net CL: 10570792
LogInit: OS: Windows 10 (Release 1909) (), CPU: Intel(R) Core(TM) i7-7700HQ CPU @ 2.80GHz, GPU: Intel(R) HD Graphics 630
LogInit: Compiled (64-bit): Feb 24 2020 15:39:18
LogInit: Compiled with Visual C++: 19.16.27032.01
LogInit: Build Configuration: Development
LogInit: Branch Name: ++UE4+Release-4.24
LogInit: Command Line: 
LogInit: Base Directory: C:/Program Files/Epic Games/UE_4.24/Engine/Binaries/Win64/
LogInit: Installed Engine Build: 1
LogDevObjectVersion: Number of dev versions registered: 25
LogDevObjectVersion:   Dev-Blueprints (B0D832E4-1F89-4F0D-ACCF-7EB736FD4AA2): 10
LogDevObjectVersion:   Dev-Build (E1C64328-A22C-4D53-A36C-8E866417BD8C): 0
LogDevObjectVersion:   Dev-Core (375EC13C-06E4-48FB-B500-84F0262A717E): 3
LogDevObjectVersion:   Dev-Editor (E4B068ED-F494-42E9-A231-DA0B2E46BB41): 37
LogDevObjectVersion:   Dev-Framework (CFFC743F-43B0-4480-9391-14DF171D2073): 36
LogDevObjectVersion:   Dev-Mobile (B02B49B5-BB20-44E9-A304-32B752E40360): 2
LogDevObjectVersion:   Dev-Networking (A4E4105C-59A1-49B5-A7C5-40C4547EDFEE): 0
LogDevObjectVersion:   Dev-Online (39C831C9-5AE6-47DC-9A44-9C173E1C8E7C): 0
LogDevObjectVersion:   Dev-Physics (78F01B33-EBEA-4F98-B9B4-84EACCB95AA2): 2
LogDevObjectVersion:   Dev-Platform (6631380F-2D4D-43E0-8009-CF276956A95A): 0
LogDevObjectVersion:   Dev-Rendering (12F88B9F-8875-4AFC-A67C-D90C383ABD29): 36
LogDevObjectVersion:   Dev-Sequencer (7B5AE74C-D270-4C10-A958-57980B212A5A): 11
LogDevObjectVersion:   Dev-VR (D7296918-1DD6-4BDD-9DE2-64A83CC13884): 2
LogDevObjectVersion:   Dev-LoadTimes (C2A15278-BFE7-4AFE-6C17-90FF531DF755): 1
LogDevObjectVersion:   Private-Geometry (6EACA3D4-40EC-4CC1-B786-8BED09428FC5): 3
LogDevObjectVersion:   Dev-AnimPhys (29E575DD-E0A3-4627-9D10-D276232CDCEA): 17
LogDevObjectVersion:   Dev-Anim (AF43A65D-7FD3-4947-9873-3E8ED9C1BB05): 2
LogDevObjectVersion:   Dev-ReflectionCapture (6B266CEC-1EC7-4B8F-A30B-E4D90942FC07): 1
LogDevObjectVersion:   Dev-Automation (0DF73D61-A23F-47EA-B727-89E90C41499A): 1
LogDevObjectVersion:   FortniteMain (601D1886-AC64-4F84-AA16-D3DE0DEAC7D6): 31
LogDevObjectVersion:   Dev-Enterprise (9DFFBCD6-494F-0158-E221-12823C92A888): 8
LogDevObjectVersion:   Dev-Niagara (F2AED0AC-9AFE-416F-8664-AA7FFA26D6FC): 1
LogDevObjectVersion:   Dev-Destruction (174F1F0B-B4C6-45A5-B13F-2EE8D0FB917D): 9
LogDevObjectVersion:   Dev-Physics-Ext (35F94A83-E258-406C-A318-09F59610247C): 8
LogDevObjectVersion:   Dev-CineCamera (B2E18506-4273-CFC2-A54E-F4BB758BBA07): 1
LogInit: Presizing for max 25165824 objects, including 0 objects not considered by GC, pre-allocating 0 bytes for permanent pool.
LogInit: Object subsystem initialized
LogConfig: Setting CVar [[con.DebugEarlyDefault:1]]
LogConfig: Setting CVar [[r.setres:1280x720]]
[2020.05.12-16.27.33:339][  0]LogConfig: Setting CVar [[r.VSync:0]]
[2020.05.12-16.27.33:339][  0]LogConfig: Setting CVar [[r.RHICmdBypass:0]]
[2020.05.12-16.27.33:340][  0]LogConfig: Applying CVar settings from Section [/Script/Engine.RendererSettings] File [C:/Users/owner/Documents/GitHub/SwarmAlien/Swarm_Alien/Saved/Config/Windows/Engine.ini]
[2020.05.12-16.27.33:340][  0]LogConfig: Setting CVar [[r.GPUCrashDebugging:0]]
[2020.05.12-16.27.33:340][  0]LogConfig: Applying CVar settings from Section [/Script/Engine.RendererOverrideSettings] File [C:/Users/owner/Documents/GitHub/SwarmAlien/Swarm_Alien/Saved/Config/Windows/Engine.ini]
[2020.05.12-16.27.33:340][  0]LogConfig: Applying CVar settings from Section [/Script/Engine.StreamingSettings] File [C:/Users/owner/Documents/GitHub/SwarmAlien/Swarm_Alien/Saved/Config/Windows/Engine.ini]
[2020.05.12-16.27.33:340][  0]LogConfig: Setting CVar [[s.MinBulkDataSizeForAsyncLoading:131072]]
[2020.05.12-16.27.33:340][  0]LogConfig: Setting CVar [[s.AsyncLoadingThreadEnabled:0]]
[2020.05.12-16.27.33:340][  0]LogConfig: Setting CVar [[s.EventDrivenLoaderEnabled:1]]
[2020.05.12-16.27.33:340][  0]LogConfig: Setting CVar [[s.WarnIfTimeLimitExceeded:0]]
[2020.05.12-16.27.33:340][  0]LogConfig: Setting CVar [[s.TimeLimitExceededMultiplier:1.5]]
[2020.05.12-16.27.33:340][  0]LogConfig: Setting CVar [[s.TimeLimitExceededMinTime:0.005]]
[2020.05.12-16.27.33:340][  0]LogConfig: Setting CVar [[s.UseBackgroundLevelStreaming:1]]
[2020.05.12-16.27.33:340][  0]LogConfig: Setting CVar [[s.PriorityAsyncLoadingExtraTime:15.0]]
[2020.05.12-16.27.33:340][  0]LogConfig: Setting CVar [[s.LevelStreamingActorsUpdateTimeLimit:5.0]]
[2020.05.12-16.27.33:340][  0]LogConfig: Setting CVar [[s.PriorityLevelStreamingActorsUpdateExtraTime:5.0]]
[2020.05.12-16.27.33:340][  0]LogConfig: Setting CVar [[s.LevelStreamingComponentsRegistrationGranularity:10]]
[2020.05.12-16.27.33:340][  0]LogConfig: Setting CVar [[s.UnregisterComponentsTimeLimit:1.0]]
[2020.05.12-16.27.33:340][  0]LogConfig: Setting CVar [[s.LevelStreamingComponentsUnregistrationGranularity:5]]
[2020.05.12-16.27.33:340][  0]LogConfig: Setting CVar [[s.FlushStreamingOnExit:1]]
[2020.05.12-16.27.33:340][  0]LogConfig: Applying CVar settings from Section [/Script/Engine.GarbageCollectionSettings] File [C:/Users/owner/Documents/GitHub/SwarmAlien/Swarm_Alien/Saved/Config/Windows/Engine.ini]
[2020.05.12-16.27.33:340][  0]LogConfig: Setting CVar [[gc.MaxObjectsNotConsideredByGC:1]]
[2020.05.12-16.27.33:340][  0]LogConfig: Setting CVar [[gc.SizeOfPermanentObjectPool:0]]
[2020.05.12-16.27.33:340][  0]LogConfig: Setting CVar [[gc.FlushStreamingOnGC:0]]
[2020.05.12-16.27.33:340][  0]LogConfig: Setting CVar [[gc.NumRetriesBeforeForcingGC:10]]
[2020.05.12-16.27.33:340][  0]LogConfig: Setting CVar [[gc.AllowParallelGC:1]]
[2020.05.12-16.27.33:340][  0]LogConfig: Setting CVar [[gc.TimeBetweenPurgingPendingKillObjects:61.1]]
[2020.05.12-16.27.33:340][  0]LogConfig: Setting CVar [[gc.MaxObjectsInEditor:25165824]]
[2020.05.12-16.27.33:340][  0]LogConfig: Setting CVar [[gc.IncrementalBeginDestroyEnabled:1]]
[2020.05.12-16.27.33:340][  0]LogConfig: Setting CVar [[gc.CreateGCClusters:1]]
[2020.05.12-16.27.33:340][  0]LogConfig: Setting CVar [[gc.MinGCClusterSize:5]]
[2020.05.12-16.27.33:340][  0]LogConfig: Setting CVar [[gc.ActorClusteringEnabled:0]]
[2020.05.12-16.27.33:340][  0]LogConfig: Setting CVar [[gc.BlueprintClusteringEnabled:0]]
[2020.05.12-16.27.33:340][  0]LogConfig: Setting CVar [[gc.UseDisregardForGCOnDedicatedServers:0]]
[2020.05.12-16.27.33:340][  0]LogConfig: Applying CVar settings from Section [/Script/Engine.NetworkSettings] File [C:/Users/owner/Documents/GitHub/SwarmAlien/Swarm_Alien/Saved/Config/Windows/Engine.ini]
[2020.05.12-16.27.33:340][  0]LogConfig: Applying CVar settings from Section [/Script/UnrealEd.CookerSettings] File [C:/Users/owner/Documents/GitHub/SwarmAlien/Swarm_Alien/Saved/Config/Windows/Engine.ini]
[2020.05.12-16.27.33:397][  0]LogConfig: Applying CVar settings from Section [ViewDistanceQuality@3] File [C:/Users/owner/Documents/GitHub/SwarmAlien/Swarm_Alien/Saved/Config/Windows/Scalability.ini]
[2020.05.12-16.27.33:397][  0]LogConfig: Setting CVar [[r.SkeletalMeshLODBias:0]]
[2020.05.12-16.27.33:397][  0]LogConfig: Setting CVar [[r.ViewDistanceScale:1.0]]
[2020.05.12-16.27.33:397][  0]LogConfig: Applying CVar settings from Section [AntiAliasingQuality@3] File [C:/Users/owner/Documents/GitHub/SwarmAlien/Swarm_Alien/Saved/Config/Windows/Scalability.ini]
[2020.05.12-16.27.33:397][  0]LogConfig: Setting CVar [[r.PostProcessAAQuality:4]]
[2020.05.12-16.27.33:397][  0]LogConfig: Applying CVar settings from Section [ShadowQuality@3] File [C:/Users/owner/Documents/GitHub/SwarmAlien/Swarm_Alien/Saved/Config/Windows/Scalability.ini]
[2020.05.12-16.27.33:397][  0]LogConfig: Setting CVar [[r.LightFunctionQuality:1]]
[2020.05.12-16.27.33:397][  0]LogConfig: Setting CVar [[r.ShadowQuality:5]]
[2020.05.12-16.27.33:397][  0]LogConfig: Setting CVar [[r.Shadow.CSM.MaxCascades:10]]
[2020.05.12-16.27.33:397][  0]LogConfig: Setting CVar [[r.Shadow.MaxResolution:2048]]
[2020.05.12-16.27.33:397][  0]LogConfig: Setting CVar [[r.Shadow.MaxCSMResolution:2048]]
[2020.05.12-16.27.33:397][  0]LogConfig: Setting CVar [[r.Shadow.RadiusThreshold:0.01]]
[2020.05.12-16.27.33:397][  0]LogConfig: Setting CVar [[r.Shadow.DistanceScale:1.0]]
[2020.05.12-16.27.33:397][  0]LogConfig: Setting CVar [[r.Shadow.CSM.TransitionScale:1.0]]
[2020.05.12-16.27.33:397][  0]LogConfig: Setting CVar [[r.Shadow.PreShadowResolutionFactor:1.0]]
[2020.05.12-16.27.33:397][  0]LogConfig: Setting CVar [[r.DistanceFieldShadowing:1]]
[2020.05.12-16.27.33:397][  0]LogConfig: Setting CVar [[r.DistanceFieldAO:1]]
[2020.05.12-16.27.33:397][  0]LogConfig: Setting CVar [[r.AOQuality:2]]
[2020.05.12-16.27.33:398][  0]LogConfig: Setting CVar [[r.VolumetricFog:1]]
[2020.05.12-16.27.33:398][  0]LogConfig: Setting CVar [[r.VolumetricFog.GridPixelSize:8]]
[2020.05.12-16.27.33:398][  0]LogConfig: Setting CVar [[r.VolumetricFog.GridSizeZ:128]]
[2020.05.12-16.27.33:398][  0]LogConfig: Setting CVar [[r.VolumetricFog.HistoryMissSupersampleCount:4]]
[2020.05.12-16.27.33:398][  0]LogConfig: Setting CVar [[r.LightMaxDrawDistanceScale:1]]
[2020.05.12-16.27.33:398][  0]LogConfig: Setting CVar [[r.CapsuleShadows:1]]
[2020.05.12-16.27.33:398][  0]LogConfig: Applying CVar settings from Section [PostProcessQuality@3] File [C:/Users/owner/Documents/GitHub/SwarmAlien/Swarm_Alien/Saved/Config/Windows/Scalability.ini]
[2020.05.12-16.27.33:398][  0]LogConfig: Setting CVar [[r.MotionBlurQuality:4]]
[2020.05.12-16.27.33:398][  0]LogConfig: Setting CVar [[r.AmbientOcclusionMipLevelFactor:0.4]]
[2020.05.12-16.27.33:398][  0]LogConfig: Setting CVar [[r.AmbientOcclusionMaxQuality:100]]
[2020.05.12-16.27.33:398][  0]LogConfig: Setting CVar [[r.AmbientOcclusionLevels:-1]]
[2020.05.12-16.27.33:398][  0]LogConfig: Setting CVar [[r.AmbientOcclusionRadiusScale:1.0]]
[2020.05.12-16.27.33:398][  0]LogConfig: Setting CVar [[r.DepthOfFieldQuality:2]]
[2020.05.12-16.27.33:398][  0]LogConfig: Setting CVar [[r.RenderTargetPoolMin:400]]
[2020.05.12-16.27.33:398][  0]LogConfig: Setting CVar [[r.LensFlareQuality:2]]
[2020.05.12-16.27.33:398][  0]LogConfig: Setting CVar [[r.SceneColorFringeQuality:1]]
[2020.05.12-16.27.33:398][  0]LogConfig: Setting CVar [[r.EyeAdaptationQuality:2]]
[2020.05.12-16.27.33:398][  0]LogConfig: Setting CVar [[r.BloomQuality:5]]
[2020.05.12-16.27.33:398][  0]LogConfig: Setting CVar [[r.FastBlurThreshold:100]]
[2020.05.12-16.27.33:398][  0]LogConfig: Setting CVar [[r.Upscale.Quality:3]]
[2020.05.12-16.27.33:398][  0]LogConfig: Setting CVar [[r.Tonemapper.GrainQuantization:1]]
[2020.05.12-16.27.33:398][  0]LogConfig: Setting CVar [[r.LightShaftQuality:1]]
[2020.05.12-16.27.33:398][  0]LogConfig: Setting CVar [[r.Filter.SizeScale:1]]
[2020.05.12-16.27.33:398][  0]LogConfig: Setting CVar [[r.Tonemapper.Quality:5]]
[2020.05.12-16.27.33:398][  0]LogConfig: Setting CVar [[r.DOF.Gather.AccumulatorQuality:1        ; higher gathering accumulator quality]]
[2020.05.12-16.27.33:398][  0]LogConfig: Setting CVar [[r.DOF.Gather.PostfilterMethod:1          ; Median3x3 postfilering method]]
[2020.05.12-16.27.33:398][  0]LogConfig: Setting CVar [[r.DOF.Gather.EnableBokehSettings:0       ; no bokeh simulation when gathering]]
[2020.05.12-16.27.33:398][  0]LogConfig: Setting CVar [[r.DOF.Gather.RingCount:4                 ; medium number of samples when gathering]]
[2020.05.12-16.27.33:398][  0]LogConfig: Setting CVar [[r.DOF.Scatter.ForegroundCompositing:1    ; additive foreground scattering]]
[2020.05.12-16.27.33:399][  0]LogConfig: Setting CVar [[r.DOF.Scatter.BackgroundCompositing:2    ; additive background scattering]]
[2020.05.12-16.27.33:399][  0]LogConfig: Setting CVar [[r.DOF.Scatter.EnableBokehSettings:1      ; bokeh simulation when scattering]]
[2020.05.12-16.27.33:399][  0]LogConfig: Setting CVar [[r.DOF.Scatter.MaxSpriteRatio:0.1         ; only a maximum of 10% of scattered bokeh]]
[2020.05.12-16.27.33:399][  0]LogConfig: Setting CVar [[r.DOF.Recombine.Quality:1                ; cheap slight out of focus]]
[2020.05.12-16.27.33:399][  0]LogConfig: Setting CVar [[r.DOF.Recombine.EnableBokehSettings:0    ; no bokeh simulation on slight out of focus]]
[2020.05.12-16.27.33:399][  0]LogConfig: Setting CVar [[r.DOF.TemporalAAQuality:1                ; more stable temporal accumulation]]
[2020.05.12-16.27.33:399][  0]LogConfig: Setting CVar [[r.DOF.Kernel.MaxForegroundRadius:0.025]]
[2020.05.12-16.27.33:399][  0]LogConfig: Setting CVar [[r.DOF.Kernel.MaxBackgroundRadius:0.025]]
[2020.05.12-16.27.33:399][  0]LogConfig: Applying CVar settings from Section [TextureQuality@3] File [C:/Users/owner/Documents/GitHub/SwarmAlien/Swarm_Alien/Saved/Config/Windows/Scalability.ini]
[2020.05.12-16.27.33:399][  0]LogConfig: Setting CVar [[r.Streaming.MipBias:0]]
[2020.05.12-16.27.33:399][  0]LogConfig: Setting CVar [[r.Streaming.AmortizeCPUToGPUCopy:0]]
[2020.05.12-16.27.33:399][  0]LogConfig: Setting CVar [[r.Streaming.MaxNumTexturesToStreamPerFrame:0]]
[2020.05.12-16.27.33:399][  0]LogConfig: Setting CVar [[r.Streaming.Boost:1]]
[2020.05.12-16.27.33:399][  0]LogConfig: Setting CVar [[r.MaxAnisotropy:8]]
[2020.05.12-16.27.33:399][  0]LogConfig: Setting CVar [[r.VT.MaxAnisotropy:8]]
[2020.05.12-16.27.33:399][  0]LogConfig: Setting CVar [[r.Streaming.LimitPoolSizeToVRAM:0]]
[2020.05.12-16.27.33:399][  0]LogConfig: Setting CVar [[r.Streaming.PoolSize:1000]]
[2020.05.12-16.27.33:399][  0]LogConfig: Setting CVar [[r.Streaming.MaxEffectiveScreenSize:0]]
[2020.05.12-16.27.33:399][  0]LogConfig: Applying CVar settings from Section [EffectsQuality@3] File [C:/Users/owner/Documents/GitHub/SwarmAlien/Swarm_Alien/Saved/Config/Windows/Scalability.ini]
[2020.05.12-16.27.33:399][  0]LogConfig: Setting CVar [[r.TranslucencyLightingVolumeDim:64]]
[2020.05.12-16.27.33:399][  0]LogConfig: Setting CVar [[r.RefractionQuality:2]]
[2020.05.12-16.27.33:399][  0]LogConfig: Setting CVar [[r.SSR.Quality:3]]
[2020.05.12-16.27.33:399][  0]LogConfig: Setting CVar [[r.SSR.HalfResSceneColor:0]]
[2020.05.12-16.27.33:399][  0]LogConfig: Setting CVar [[r.SceneColorFormat:4]]
[2020.05.12-16.27.33:399][  0]LogConfig: Setting CVar [[r.DetailMode:2]]
[2020.05.12-16.27.33:399][  0]LogConfig: Setting CVar [[r.TranslucencyVolumeBlur:1]]
[2020.05.12-16.27.33:399][  0]LogConfig: Setting CVar [[r.MaterialQualityLevel:1 ; High quality]]
[2020.05.12-16.27.33:399][  0]LogConfig: Setting CVar [[r.SSS.Scale:1]]
[2020.05.12-16.27.33:399][  0]LogConfig: Setting CVar [[r.SSS.SampleSet:2]]
[2020.05.12-16.27.33:399][  0]LogConfig: Setting CVar [[r.SSS.Quality:1]]
[2020.05.12-16.27.33:399][  0]LogConfig: Setting CVar [[r.SSS.HalfRes:1]]
[2020.05.12-16.27.33:399][  0]LogConfig: Setting CVar [[r.SSGI.Quality:3]]
[2020.05.12-16.27.33:399][  0]LogConfig: Setting CVar [[r.EmitterSpawnRateScale:1.0]]
[2020.05.12-16.27.33:400][  0]LogConfig: Setting CVar [[r.ParticleLightQuality:2]]
[2020.05.12-16.27.33:400][  0]LogConfig: Setting CVar [[r.SkyAtmosphere.AerialPerspectiveLUT.FastApplyOnOpaque:1 ; Always have FastSkyLUT 1 in this case to avoid wrong sky]]
[2020.05.12-16.27.33:400][  0]LogConfig: Setting CVar [[r.SkyAtmosphere.AerialPerspectiveLUT.SampleCountPerSlice:1]]
[2020.05.12-16.27.33:400][  0]LogConfig: Setting CVar [[r.SkyAtmosphere.AerialPerspectiveLUT.DepthResolution:16.0]]
[2020.05.12-16.27.33:400][  0]LogConfig: Setting CVar [[r.SkyAtmosphere.FastSkyLUT:1]]
[2020.05.12-16.27.33:400][  0]LogConfig: Setting CVar [[r.SkyAtmosphere.FastSkyLUT.SampleCountMin:4.0]]
[2020.05.12-16.27.33:400][  0]LogConfig: Setting CVar [[r.SkyAtmosphere.FastSkyLUT.SampleCountMax:32.0]]
[2020.05.12-16.27.33:400][  0]LogConfig: Setting CVar [[r.SkyAtmosphere.SampleCountMin:4.0]]
[2020.05.12-16.27.33:400][  0]LogConfig: Setting CVar [[r.SkyAtmosphere.SampleCountMax:32.0]]
[2020.05.12-16.27.33:400][  0]LogConfig: Setting CVar [[r.SkyAtmosphere.TransmittanceLUT.UseSmallFormat:0]]
[2020.05.12-16.27.33:400][  0]LogConfig: Setting CVar [[r.SkyAtmosphere.TransmittanceLUT.SampleCount:10.0]]
[2020.05.12-16.27.33:400][  0]LogConfig: Setting CVar [[r.SkyAtmosphere.MultiScatteringLUT.SampleCount:15.0]]
[2020.05.12-16.27.33:400][  0]LogConfig: Applying CVar settings from Section [FoliageQuality@3] File [C:/Users/owner/Documents/GitHub/SwarmAlien/Swarm_Alien/Saved/Config/Windows/Scalability.ini]
[2020.05.12-16.27.33:400][  0]LogConfig: Setting CVar [[foliage.DensityScale:1.0]]
[2020.05.12-16.27.33:400][  0]LogConfig: Setting CVar [[grass.DensityScale:1.0]]
[2020.05.12-16.27.33:400][  0]LogConfig: Applying CVar settings from Section [ShadingQuality@3] File [C:/Users/owner/Documents/GitHub/SwarmAlien/Swarm_Alien/Saved/Config/Windows/Scalability.ini]
[2020.05.12-16.27.33:400][  0]LogConfig: Setting CVar [[r.HairStrands.SkyLighting.SampleCount:16]]
[2020.05.12-16.27.33:400][  0]LogConfig: Setting CVar [[r.HairStrands.SkyLighting.JitterIntegration:0]]
[2020.05.12-16.27.33:400][  0]LogConfig: Setting CVar [[r.HairStrands.SkyAO.SampleCount:16]]
[2020.05.12-16.27.33:400][  0]LogInit: Selected Device Profile: [Windows]
[2020.05.12-16.27.33:400][  0]LogInit: Applying CVar settings loaded from the selected device profile: [Windows]
[2020.05.12-16.27.33:406][  0]LogHAL: Display: Platform has ~ 16 GB [17058197504 / 17179869184 / 16], which maps to Larger [LargestMinGB=32, LargerMinGB=12, DefaultMinGB=8, SmallerMinGB=6, SmallestMinGB=0)
[2020.05.12-16.27.33:406][  0]LogInit: Going up to parent DeviceProfile []
[2020.05.12-16.27.33:406][  0]LogConfig: Applying CVar settings from Section [ViewDistanceQuality@3] File [C:/Users/owner/Documents/GitHub/SwarmAlien/Swarm_Alien/Saved/Config/Windows/Scalability.ini]
[2020.05.12-16.27.33:406][  0]LogConfig: Setting CVar [[r.SkeletalMeshLODBias:0]]
[2020.05.12-16.27.33:406][  0]LogConfig: Setting CVar [[r.ViewDistanceScale:1.0]]
[2020.05.12-16.27.33:406][  0]LogConfig: Applying CVar settings from Section [AntiAliasingQuality@3] File [C:/Users/owner/Documents/GitHub/SwarmAlien/Swarm_Alien/Saved/Config/Windows/Scalability.ini]
[2020.05.12-16.27.33:406][  0]LogConfig: Setting CVar [[r.PostProcessAAQuality:4]]
[2020.05.12-16.27.33:406][  0]LogConfig: Applying CVar settings from Section [ShadowQuality@3] File [C:/Users/owner/Documents/GitHub/SwarmAlien/Swarm_Alien/Saved/Config/Windows/Scalability.ini]
[2020.05.12-16.27.33:406][  0]LogConfig: Setting CVar [[r.LightFunctionQuality:1]]
[2020.05.12-16.27.33:406][  0]LogConfig: Setting CVar [[r.ShadowQuality:5]]
[2020.05.12-16.27.33:406][  0]LogConfig: Setting CVar [[r.Shadow.CSM.MaxCascades:10]]
[2020.05.12-16.27.33:406][  0]LogConfig: Setting CVar [[r.Shadow.MaxResolution:2048]]
[2020.05.12-16.27.33:406][  0]LogConfig: Setting CVar [[r.Shadow.MaxCSMResolution:2048]]
[2020.05.12-16.27.33:406][  0]LogConfig: Setting CVar [[r.Shadow.RadiusThreshold:0.01]]
[2020.05.12-16.27.33:406][  0]LogConfig: Setting CVar [[r.Shadow.DistanceScale:1.0]]
[2020.05.12-16.27.33:406][  0]LogConfig: Setting CVar [[r.Shadow.CSM.TransitionScale:1.0]]
[2020.05.12-16.27.33:406][  0]LogConfig: Setting CVar [[r.Shadow.PreShadowResolutionFactor:1.0]]
[2020.05.12-16.27.33:406][  0]LogConfig: Setting CVar [[r.DistanceFieldShadowing:1]]
[2020.05.12-16.27.33:406][  0]LogConfig: Setting CVar [[r.DistanceFieldAO:1]]
[2020.05.12-16.27.33:406][  0]LogConfig: Setting CVar [[r.AOQuality:2]]
[2020.05.12-16.27.33:406][  0]LogConfig: Setting CVar [[r.VolumetricFog:1]]
[2020.05.12-16.27.33:406][  0]LogConfig: Setting CVar [[r.VolumetricFog.GridPixelSize:8]]
[2020.05.12-16.27.33:406][  0]LogConfig: Setting CVar [[r.VolumetricFog.GridSizeZ:128]]
[2020.05.12-16.27.33:406][  0]LogConfig: Setting CVar [[r.VolumetricFog.HistoryMissSupersampleCount:4]]
[2020.05.12-16.27.33:406][  0]LogConfig: Setting CVar [[r.LightMaxDrawDistanceScale:1]]
[2020.05.12-16.27.33:406][  0]LogConfig: Setting CVar [[r.CapsuleShadows:1]]
[2020.05.12-16.27.33:406][  0]LogConfig: Applying CVar settings from Section [PostProcessQuality@3] File [C:/Users/owner/Documents/GitHub/SwarmAlien/Swarm_Alien/Saved/Config/Windows/Scalability.ini]
[2020.05.12-16.27.33:407][  0]LogConfig: Setting CVar [[r.MotionBlurQuality:4]]
[2020.05.12-16.27.33:407][  0]LogConfig: Setting CVar [[r.AmbientOcclusionMipLevelFactor:0.4]]
[2020.05.12-16.27.33:407][  0]LogConfig: Setting CVar [[r.AmbientOcclusionMaxQuality:100]]
[2020.05.12-16.27.33:407][  0]LogConfig: Setting CVar [[r.AmbientOcclusionLevels:-1]]
[2020.05.12-16.27.33:407][  0]LogConfig: Setting CVar [[r.AmbientOcclusionRadiusScale:1.0]]
[2020.05.12-16.27.33:407][  0]LogConfig: Setting CVar [[r.DepthOfFieldQuality:2]]
[2020.05.12-16.27.33:407][  0]LogConfig: Setting CVar [[r.RenderTargetPoolMin:400]]
[2020.05.12-16.27.33:407][  0]LogConfig: Setting CVar [[r.LensFlareQuality:2]]
[2020.05.12-16.27.33:407][  0]LogConfig: Setting CVar [[r.SceneColorFringeQuality:1]]
[2020.05.12-16.27.33:407][  0]LogConfig: Setting CVar [[r.EyeAdaptationQuality:2]]
[2020.05.12-16.27.33:407][  0]LogConfig: Setting CVar [[r.BloomQuality:5]]
[2020.05.12-16.27.33:407][  0]LogConfig: Setting CVar [[r.FastBlurThreshold:100]]
[2020.05.12-16.27.33:407][  0]LogConfig: Setting CVar [[r.Upscale.Quality:3]]
[2020.05.12-16.27.33:407][  0]LogConfig: Setting CVar [[r.Tonemapper.GrainQuantization:1]]
[2020.05.12-16.27.33:407][  0]LogConfig: Setting CVar [[r.LightShaftQuality:1]]
[2020.05.12-16.27.33:407][  0]LogConfig: Setting CVar [[r.Filter.SizeScale:1]]
[2020.05.12-16.27.33:407][  0]LogConfig: Setting CVar [[r.Tonemapper.Quality:5]]
[2020.05.12-16.27.33:407][  0]LogConfig: Setting CVar [[r.DOF.Gather.AccumulatorQuality:1        ; higher gathering accumulator quality]]
[2020.05.12-16.27.33:407][  0]LogConfig: Setting CVar [[r.DOF.Gather.PostfilterMethod:1          ; Median3x3 postfilering method]]
[2020.05.12-16.27.33:407][  0]LogConfig: Setting CVar [[r.DOF.Gather.EnableBokehSettings:0       ; no bokeh simulation when gathering]]
[2020.05.12-16.27.33:407][  0]LogConfig: Setting CVar [[r.DOF.Gather.RingCount:4                 ; medium number of samples when gathering]]
[2020.05.12-16.27.33:407][  0]LogConfig: Setting CVar [[r.DOF.Scatter.ForegroundCompositing:1    ; additive foreground scattering]]
[2020.05.12-16.27.33:407][  0]LogConfig: Setting CVar [[r.DOF.Scatter.BackgroundCompositing:2    ; additive background scattering]]
[2020.05.12-16.27.33:407][  0]LogConfig: Setting CVar [[r.DOF.Scatter.EnableBokehSettings:1      ; bokeh simulation when scattering]]
[2020.05.12-16.27.33:407][  0]LogConfig: Setting CVar [[r.DOF.Scatter.MaxSpriteRatio:0.1         ; only a maximum of 10% of scattered bokeh]]
[2020.05.12-16.27.33:407][  0]LogConfig: Setting CVar [[r.DOF.Recombine.Quality:1                ; cheap slight out of focus]]
[2020.05.12-16.27.33:407][  0]LogConfig: Setting CVar [[r.DOF.Recombine.EnableBokehSettings:0    ; no bokeh simulation on slight out of focus]]
[2020.05.12-16.27.33:407][  0]LogConfig: Setting CVar [[r.DOF.TemporalAAQuality:1                ; more stable temporal accumulation]]
[2020.05.12-16.27.33:407][  0]LogConfig: Setting CVar [[r.DOF.Kernel.MaxForegroundRadius:0.025]]
[2020.05.12-16.27.33:407][  0]LogConfig: Setting CVar [[r.DOF.Kernel.MaxBackgroundRadius:0.025]]
[2020.05.12-16.27.33:407][  0]LogConfig: Applying CVar settings from Section [TextureQuality@3] File [C:/Users/owner/Documents/GitHub/SwarmAlien/Swarm_Alien/Saved/Config/Windows/Scalability.ini]
[2020.05.12-16.27.33:407][  0]LogConfig: Setting CVar [[r.Streaming.MipBias:0]]
[2020.05.12-16.27.33:407][  0]LogConfig: Setting CVar [[r.Streaming.AmortizeCPUToGPUCopy:0]]
[2020.05.12-16.27.33:407][  0]LogConfig: Setting CVar [[r.Streaming.MaxNumTexturesToStreamPerFrame:0]]
[2020.05.12-16.27.33:407][  0]LogConfig: Setting CVar [[r.Streaming.Boost:1]]
[2020.05.12-16.27.33:407][  0]LogConfig: Setting CVar [[r.MaxAnisotropy:8]]
[2020.05.12-16.27.33:407][  0]LogConfig: Setting CVar [[r.VT.MaxAnisotropy:8]]
[2020.05.12-16.27.33:407][  0]LogConfig: Setting CVar [[r.Streaming.LimitPoolSizeToVRAM:0]]
[2020.05.12-16.27.33:407][  0]LogConfig: Setting CVar [[r.Streaming.PoolSize:1000]]
[2020.05.12-16.27.33:407][  0]LogConfig: Setting CVar [[r.Streaming.MaxEffectiveScreenSize:0]]
[2020.05.12-16.27.33:407][  0]LogConfig: Applying CVar settings from Section [EffectsQuality@3] File [C:/Users/owner/Documents/GitHub/SwarmAlien/Swarm_Alien/Saved/Config/Windows/Scalability.ini]
[2020.05.12-16.27.33:407][  0]LogConfig: Setting CVar [[r.TranslucencyLightingVolumeDim:64]]
[2020.05.12-16.27.33:407][  0]LogConfig: Setting CVar [[r.RefractionQuality:2]]
[2020.05.12-16.27.33:407][  0]LogConfig: Setting CVar [[r.SSR.Quality:3]]
[2020.05.12-16.27.33:408][  0]LogConfig: Setting CVar [[r.SSR.HalfResSceneColor:0]]
[2020.05.12-16.27.33:408][  0]LogConfig: Setting CVar [[r.SceneColorFormat:4]]
[2020.05.12-16.27.33:408][  0]LogConfig: Setting CVar [[r.DetailMode:2]]
[2020.05.12-16.27.33:408][  0]LogConfig: Setting CVar [[r.TranslucencyVolumeBlur:1]]
[2020.05.12-16.27.33:408][  0]LogConfig: Setting CVar [[r.MaterialQualityLevel:1 ; High quality]]
[2020.05.12-16.27.33:408][  0]LogConfig: Setting CVar [[r.SSS.Scale:1]]
[2020.05.12-16.27.33:408][  0]LogConfig: Setting CVar [[r.SSS.SampleSet:2]]
[2020.05.12-16.27.33:408][  0]LogConfig: Setting CVar [[r.SSS.Quality:1]]
[2020.05.12-16.27.33:408][  0]LogConfig: Setting CVar [[r.SSS.HalfRes:1]]
[2020.05.12-16.27.33:408][  0]LogConfig: Setting CVar [[r.SSGI.Quality:3]]
[2020.05.12-16.27.33:408][  0]LogConfig: Setting CVar [[r.EmitterSpawnRateScale:1.0]]
[2020.05.12-16.27.33:408][  0]LogConfig: Setting CVar [[r.ParticleLightQuality:2]]
[2020.05.12-16.27.33:408][  0]LogConfig: Setting CVar [[r.SkyAtmosphere.AerialPerspectiveLUT.FastApplyOnOpaque:1 ; Always have FastSkyLUT 1 in this case to avoid wrong sky]]
[2020.05.12-16.27.33:408][  0]LogConfig: Setting CVar [[r.SkyAtmosphere.AerialPerspectiveLUT.SampleCountPerSlice:1]]
[2020.05.12-16.27.33:408][  0]LogConfig: Setting CVar [[r.SkyAtmosphere.AerialPerspectiveLUT.DepthResolution:16.0]]
[2020.05.12-16.27.33:408][  0]LogConfig: Setting CVar [[r.SkyAtmosphere.FastSkyLUT:1]]
[2020.05.12-16.27.33:408][  0]LogConfig: Setting CVar [[r.SkyAtmosphere.FastSkyLUT.SampleCountMin:4.0]]
[2020.05.12-16.27.33:408][  0]LogConfig: Setting CVar [[r.SkyAtmosphere.FastSkyLUT.SampleCountMax:32.0]]
[2020.05.12-16.27.33:408][  0]LogConfig: Setting CVar [[r.SkyAtmosphere.SampleCountMin:4.0]]
[2020.05.12-16.27.33:408][  0]LogConfig: Setting CVar [[r.SkyAtmosphere.SampleCountMax:32.0]]
[2020.05.12-16.27.33:408][  0]LogConfig: Setting CVar [[r.SkyAtmosphere.TransmittanceLUT.UseSmallFormat:0]]
[2020.05.12-16.27.33:408][  0]LogConfig: Setting CVar [[r.SkyAtmosphere.TransmittanceLUT.SampleCount:10.0]]
[2020.05.12-16.27.33:408][  0]LogConfig: Setting CVar [[r.SkyAtmosphere.MultiScatteringLUT.SampleCount:15.0]]
[2020.05.12-16.27.33:408][  0]LogConfig: Applying CVar settings from Section [FoliageQuality@3] File [C:/Users/owner/Documents/GitHub/SwarmAlien/Swarm_Alien/Saved/Config/Windows/Scalability.ini]
[2020.05.12-16.27.33:408][  0]LogConfig: Setting CVar [[foliage.DensityScale:1.0]]
[2020.05.12-16.27.33:408][  0]LogConfig: Setting CVar [[grass.DensityScale:1.0]]
[2020.05.12-16.27.33:408][  0]LogConfig: Applying CVar settings from Section [ShadingQuality@3] File [C:/Users/owner/Documents/GitHub/SwarmAlien/Swarm_Alien/Saved/Config/Windows/Scalability.ini]
[2020.05.12-16.27.33:408][  0]LogConfig: Setting CVar [[r.HairStrands.SkyLighting.SampleCount:16]]
[2020.05.12-16.27.33:408][  0]LogConfig: Setting CVar [[r.HairStrands.SkyLighting.JitterIntegration:0]]
[2020.05.12-16.27.33:408][  0]LogConfig: Setting CVar [[r.HairStrands.SkyAO.SampleCount:16]]
[2020.05.12-16.27.33:408][  0]LogConfig: Applying CVar settings from Section [Startup] File [../../../Engine/Config/ConsoleVariables.ini]
[2020.05.12-16.27.33:409][  0]LogConfig: Setting CVar [[net.UseAdaptiveNetUpdateFrequency:0]]
[2020.05.12-16.27.33:409][  0]LogConfig: Setting CVar [[p.chaos.AllowCreatePhysxBodies:1]]
[2020.05.12-16.27.33:409][  0]LogConfig: Applying CVar settings from Section [ConsoleVariables] File [C:/Users/owner/Documents/GitHub/SwarmAlien/Swarm_Alien/Saved/Config/Windows/Engine.ini]
[2020.05.12-16.27.33:409][  0]LogInit: Computer: DESKTOP-6N84FAG
[2020.05.12-16.27.33:409][  0]LogInit: User: owner
[2020.05.12-16.27.33:409][  0]LogInit: CPU Page size=4096, Cores=4
[2020.05.12-16.27.33:409][  0]LogInit: High frequency timer resolution =10.000000 MHz
[2020.05.12-16.27.33:409][  0]LogMemory: Memory total: Physical=15.9GB (16GB approx)
[2020.05.12-16.27.33:409][  0]LogMemory: Platform Memory Stats for Windows
[2020.05.12-16.27.33:410][  0]LogMemory: Process Physical Memory: 104.94 MB used, 104.94 MB peak
[2020.05.12-16.27.33:410][  0]LogMemory: Process Virtual Memory: 100.47 MB used, 100.47 MB peak
[2020.05.12-16.27.33:410][  0]LogMemory: Physical Memory: 8558.33 MB used,  7709.64 MB free, 16267.96 MB total
[2020.05.12-16.27.33:410][  0]LogMemory: Virtual Memory: 5137.76 MB used,  134212592.00 MB free, 134217728.00 MB total
[2020.05.12-16.27.33:446][  0]LogWindows: WindowsPlatformFeatures enabled
[2020.05.12-16.27.33:598][  0]LogInit: Using OS detected language (en-US).
[2020.05.12-16.27.33:598][  0]LogInit: Using OS detected locale (en-US).
[2020.05.12-16.27.33:599][  0]LogTextLocalizationManager: No specific localization for 'en-US' exists, so the 'en' localization will be used.
[2020.05.12-16.27.34:031][  0]LogInit: Setting process to per monitor DPI aware
[2020.05.12-16.27.34:336][  0]LogSlate: New Slate User Created.  User Index 0, Is Virtual User: 0
[2020.05.12-16.27.34:336][  0]LogSlate: Slate User Registered.  User Index 0, Is Virtual User: 0
[2020.05.12-16.27.34:630][  0]LogHMD: Failed to initialize OpenVR with code 110
[2020.05.12-16.27.34:630][  0]LogD3D11RHI: D3D11 min allowed feature level: 11_0
[2020.05.12-16.27.34:630][  0]LogD3D11RHI: D3D11 max allowed feature level: 11_0
[2020.05.12-16.27.34:630][  0]LogD3D11RHI: D3D11 adapters:
[2020.05.12-16.27.34:918][  0]LogD3D11RHI:    0. 'NVIDIA GeForce GTX 1050' (Feature Level 11_0)
[2020.05.12-16.27.34:918][  0]LogD3D11RHI:       4021/0/8133 MB DedicatedVideo/DedicatedSystem/SharedSystem, Outputs:2, VendorId:0x10de
[2020.05.12-16.27.35:063][  0]LogD3D11RHI:    1. 'Intel(R) HD Graphics 630' (Feature Level 11_0)
[2020.05.12-16.27.35:063][  0]LogD3D11RHI:       128/0/8133 MB DedicatedVideo/DedicatedSystem/SharedSystem, Outputs:0, VendorId:0x8086
[2020.05.12-16.27.35:093][  0]LogD3D11RHI:    2. 'Microsoft Basic Render Driver' (Feature Level 11_0)
[2020.05.12-16.27.35:093][  0]LogD3D11RHI:       0/0/8133 MB DedicatedVideo/DedicatedSystem/SharedSystem, Outputs:0, VendorId:0x1414
[2020.05.12-16.27.35:093][  0]LogD3D11RHI: Chosen D3D11 Adapter: 0
[2020.05.12-16.27.35:188][  0]LogD3D11RHI: Creating new Direct3DDevice
[2020.05.12-16.27.35:188][  0]LogD3D11RHI:     GPU DeviceId: 0x1c8d (for the marketing name, search the web for "GPU Device Id")
[2020.05.12-16.27.35:188][  0]LogWindows: EnumDisplayDevices:
[2020.05.12-16.27.35:189][  0]LogWindows:    0. 'Intel(R) HD Graphics 630' (P:1 D:1)
[2020.05.12-16.27.35:189][  0]LogWindows:    1. 'Intel(R) HD Graphics 630' (P:0 D:1)
[2020.05.12-16.27.35:190][  0]LogWindows:    2. 'Intel(R) HD Graphics 630' (P:0 D:0)
[2020.05.12-16.27.35:191][  0]LogWindows: DebugString: PrimaryIsNotTheChoosenAdapter PrimaryIsNotTheChoosenAdapter PrimaryIsNotTheChoosenAdapter FoundDriverCount:0 
[2020.05.12-16.27.35:191][  0]LogD3D11RHI:     Adapter Name: NVIDIA GeForce GTX 1050
[2020.05.12-16.27.35:191][  0]LogD3D11RHI:   Driver Version: Unknown (internal:Unknown, unified:Unknown)
[2020.05.12-16.27.35:191][  0]LogD3D11RHI:      Driver Date: Unknown
[2020.05.12-16.27.35:191][  0]LogRHI: Texture pool is 2814 MB (70% of 4021 MB)
[2020.05.12-16.27.35:324][  0]LogD3D11RHI: RHI has support for 64 bit atomics
[2020.05.12-16.27.35:324][  0]LogD3D11RHI: Async texture creation enabled
[2020.05.12-16.27.35:357][  0]LogD3D11RHI: GPU Timing Frequency: 1000.000000 (Debug: 2 1)
[2020.05.12-16.27.39:208][  0]LogTargetPlatformManager: Display: Loaded TargetPlatform 'AllDesktop'
[2020.05.12-16.27.39:313][  0]LogTargetPlatformManager: Display: Loaded TargetPlatform 'Android'
[2020.05.12-16.27.39:313][  0]LogTargetPlatformManager: Display: Loaded TargetPlatform 'Android_ASTC'
[2020.05.12-16.27.39:313][  0]LogTargetPlatformManager: Display: Loaded TargetPlatform 'Android_ATC'
[2020.05.12-16.27.39:314][  0]LogTargetPlatformManager: Display: Loaded TargetPlatform 'Android_DXT'
[2020.05.12-16.27.39:314][  0]LogTargetPlatformManager: Display: Loaded TargetPlatform 'Android_ETC1'
[2020.05.12-16.27.39:314][  0]LogTargetPlatformManager: Display: Loaded TargetPlatform 'Android_ETC1a'
[2020.05.12-16.27.39:314][  0]LogTargetPlatformManager: Display: Loaded TargetPlatform 'Android_ETC2'
[2020.05.12-16.27.39:314][  0]LogTargetPlatformManager: Display: Loaded TargetPlatform 'Android_PVRTC'
[2020.05.12-16.27.39:314][  0]LogTargetPlatformManager: Display: Loaded TargetPlatform 'AndroidClient'
[2020.05.12-16.27.39:314][  0]LogTargetPlatformManager: Display: Loaded TargetPlatform 'Android_ASTCClient'
[2020.05.12-16.27.39:314][  0]LogTargetPlatformManager: Display: Loaded TargetPlatform 'Android_ATCClient'
[2020.05.12-16.27.39:314][  0]LogTargetPlatformManager: Display: Loaded TargetPlatform 'Android_DXTClient'
[2020.05.12-16.27.39:314][  0]LogTargetPlatformManager: Display: Loaded TargetPlatform 'Android_ETC1Client'
[2020.05.12-16.27.39:314][  0]LogTargetPlatformManager: Display: Loaded TargetPlatform 'Android_ETC1aClient'
[2020.05.12-16.27.39:314][  0]LogTargetPlatformManager: Display: Loaded TargetPlatform 'Android_ETC2Client'
[2020.05.12-16.27.39:314][  0]LogTargetPlatformManager: Display: Loaded TargetPlatform 'Android_PVRTCClient'
[2020.05.12-16.27.39:314][  0]LogTargetPlatformManager: Display: Loaded TargetPlatform 'Android_Multi'
[2020.05.12-16.27.39:314][  0]LogTargetPlatformManager: Display: Loaded TargetPlatform 'Android_MultiClient'
[2020.05.12-16.27.39:426][  0]LogTargetPlatformManager: Display: Loaded TargetPlatform 'IOSClient'
[2020.05.12-16.27.39:426][  0]LogTargetPlatformManager: Display: Loaded TargetPlatform 'IOS'
[2020.05.12-16.27.39:458][  0]LogTargetPlatformManager: Display: Loaded TargetPlatform 'LinuxNoEditor'
[2020.05.12-16.27.39:497][  0]LogTargetPlatformManager: Display: Loaded TargetPlatform 'LinuxClient'
[2020.05.12-16.27.39:564][  0]LogTargetPlatformManager: Display: Loaded TargetPlatform 'LinuxServer'
[2020.05.12-16.27.39:600][  0]LogTargetPlatformManager: Display: Loaded TargetPlatform 'LinuxAArch64NoEditor'
[2020.05.12-16.27.39:633][  0]LogTargetPlatformManager: Display: Loaded TargetPlatform 'LinuxAArch64Client'
[2020.05.12-16.27.39:656][  0]LogTargetPlatformManager: Display: Loaded TargetPlatform 'LinuxAArch64Server'
[2020.05.12-16.27.39:708][  0]LogTargetPlatformManager: Display: Loaded TargetPlatform 'Lumin'
[2020.05.12-16.27.39:709][  0]LogTargetPlatformManager: Display: Loaded TargetPlatform 'LuminClient'
[2020.05.12-16.27.39:764][  0]LogTargetPlatformManager: Display: Loaded TargetPlatform 'TVOSClient'
[2020.05.12-16.27.39:764][  0]LogTargetPlatformManager: Display: Loaded TargetPlatform 'TVOS'
[2020.05.12-16.27.39:795][  0]LogTargetPlatformManager: Display: Loaded TargetPlatform 'WindowsNoEditor'
[2020.05.12-16.27.39:832][  0]LogTargetPlatformManager: Display: Loaded TargetPlatform 'Windows'
[2020.05.12-16.27.39:863][  0]LogTargetPlatformManager: Display: Loaded TargetPlatform 'WindowsClient'
[2020.05.12-16.27.39:897][  0]LogTargetPlatformManager: Display: Loaded TargetPlatform 'WindowsServer'
[2020.05.12-16.27.39:897][  0]LogTargetPlatformManager: Display: Building Assets For Windows
[2020.05.12-16.27.39:993][  0]LogAudioDebug: Display: Lib vorbis DLL was dynamically loaded.
[2020.05.12-16.27.40:464][  0]LogShaderCompilers: Guid format shader working directory is -24 characters bigger than the processId version (../../../../../../Users/owner/Documents/GitHub/SwarmAlien/Swarm_Alien/Intermediate/Shaders/WorkingDirectory/23888/).
[2020.05.12-16.27.40:465][  0]LogShaderCompilers: Cleaned the shader compiler working directory 'C:/Users/owner/AppData/Local/Temp/UnrealShaderWorkingDir/0836884144765AD803DA7AB7584753F3/'.
[2020.05.12-16.27.40:466][  0]LogXGEController: Cannot use XGE Controller as Incredibuild is not installed on this machine.
[2020.05.12-16.27.40:466][  0]LogShaderCompilers: Cannot use XGE Shader Compiler as Incredibuild is not installed on this machine.
[2020.05.12-16.27.40:466][  0]LogShaderCompilers: Display: Using Local Shader Compiler.
[2020.05.12-16.27.41:906][  0]LogDerivedDataCache: Display: Max Cache Size: 512 MB
[2020.05.12-16.27.42:060][  0]LogDerivedDataCache: Loaded boot cache 0.15s 78MB C:/Users/owner/AppData/Local/UnrealEngine/4.24/DerivedDataCache/Boot.ddc.
[2020.05.12-16.27.42:060][  0]LogDerivedDataCache: Display: Loaded Boot cache: C:/Users/owner/AppData/Local/UnrealEngine/4.24/DerivedDataCache/Boot.ddc
[2020.05.12-16.27.42:061][  0]LogDerivedDataCache: FDerivedDataBackendGraph:  Pak pak cache file ../../../../../../Users/owner/Documents/GitHub/SwarmAlien/Swarm_Alien/DerivedDataCache/DDC.ddp not found, will not use a pak cache.
[2020.05.12-16.27.42:061][  0]LogDerivedDataCache: Unable to find inner node Pak for hierarchical cache Hierarchy.
[2020.05.12-16.27.42:061][  0]LogDerivedDataCache: FDerivedDataBackendGraph:  CompressedPak pak cache file ../../../../../../Users/owner/Documents/GitHub/SwarmAlien/Swarm_Alien/DerivedDataCache/Compressed.ddp not found, will not use a pak cache.
[2020.05.12-16.27.42:061][  0]LogDerivedDataCache: Unable to find inner node CompressedPak for hierarchical cache Hierarchy.
[2020.05.12-16.27.42:078][  0]LogDerivedDataCache: Display: Pak cache opened for reading ../../../Engine/DerivedDataCache/Compressed.ddp.
[2020.05.12-16.27.42:078][  0]LogDerivedDataCache: FDerivedDataBackendGraph:  EnterprisePak pak cache file ../../../Enterprise/DerivedDataCache/Compressed.ddp not found, will not use a pak cache.
[2020.05.12-16.27.42:078][  0]LogDerivedDataCache: Unable to find inner node EnterprisePak for hierarchical cache Hierarchy.
[2020.05.12-16.27.42:080][  0]LogDerivedDataCache: Using Local data cache path C:/Users/owner/AppData/Local/UnrealEngine/Common/DerivedDataCache: Writable
[2020.05.12-16.27.42:081][  0]LogDerivedDataCache: Shared data cache path not found in *engine.ini, will not use an Shared cache.
[2020.05.12-16.27.42:081][  0]LogDerivedDataCache: Unable to find inner node Shared for hierarchical cache Hierarchy.
[2020.05.12-16.27.42:130][  0]LogMaterial: Verifying Global Shaders for PCD3D_SM5
[2020.05.12-16.27.42:135][  0]LogSlate: Using FreeType 2.10.0
[2020.05.12-16.27.42:135][  0]LogSlate: SlateFontServices - WITH_FREETYPE: 1, WITH_HARFBUZZ: 1
[2020.05.12-16.27.42:253][  0]LogAssetRegistry: FAssetRegistry took 0.0063 seconds to start up
[2020.05.12-16.27.42:907][  0]LogInit: Selected Device Profile: [Windows]
[2020.05.12-16.27.43:394][  0]LogMeshReduction: Using QuadricMeshReduction for automatic static mesh reduction
[2020.05.12-16.27.43:394][  0]LogMeshReduction: Using SimplygonMeshReduction for automatic skeletal mesh reduction
[2020.05.12-16.27.43:394][  0]LogMeshReduction: Using ProxyLODMeshReduction for automatic mesh merging
[2020.05.12-16.27.43:394][  0]LogMeshReduction: No distributed automatic mesh merging module available
[2020.05.12-16.27.43:394][  0]LogMeshMerging: No distributed automatic mesh merging module available
[2020.05.12-16.27.43:428][  0]LogNetVersion: Swarm_Alien 1.0.0, NetCL: 10570792, EngineNetVer: 13, GameNetVer: 0 (Checksum: 4118466269)
[2020.05.12-16.27.45:371][  0]LogPackageLocalizationCache: Processed 11 localized package path(s) for 1 prioritized culture(s) in 0.114908 seconds
[2020.05.12-16.27.45:393][  0]LogUObjectArray: 46750 objects as part of root set at end of initial load.
[2020.05.12-16.27.45:393][  0]LogUObjectAllocator: 8137160 out of 0 bytes used by permanent object pool.
[2020.05.12-16.27.45:393][  0]LogUObjectArray: CloseDisregardForGC: 0/0 objects in disregard for GC pool
[2020.05.12-16.27.47:660][  0]LogTcpMessaging: Initializing TcpMessaging bridge
[2020.05.12-16.27.47:691][  0]LogUdpMessaging: Initializing bridge on interface 0.0.0.0:0 to multicast group 230.0.0.1:6666.
[2020.05.12-16.27.48:050][  0]LogAkAudio: Wwise(R) SDK Version 2019.2.1 Build 7250. Copyright (c) 2006-2019 Audiokinetic Inc.
[2020.05.12-16.27.48:054][  0]LogAkAudio: Wwise plug-in DLL path: C:/Users/owner/Documents/GitHub/SwarmAlien/Swarm_Alien/Plugins/Wwise/ThirdParty/x64_vc150/Profile/bin/
[2020.05.12-16.27.48:061][  0]LogAkAudio: Wwise remote connection application name: Swarm_Alien (Editor)
[2020.05.12-16.27.48:061][  0]LogAkAudio: Wwise successfully initialized.
[2020.05.12-16.27.48:063][  0]LogAkAudio: Initialization complete.
[2020.05.12-16.27.48:063][  0]LogInit: Audiokinetic Audio Device initialized.
[2020.05.12-16.27.48:496][  0]SourceControl: Source control is disabled
[2020.05.12-16.27.48:496][  0]SourceControl: Source control is disabled
[2020.05.12-16.27.48:517][  0]SourceControl: Source control is disabled
[2020.05.12-16.27.48:537][  0]SourceControl: Source control is disabled
[2020.05.12-16.27.48:552][  0]SourceControl: Source control is disabled
[2020.05.12-16.27.49:261][  0]LogAndroidPermission: UAndroidPermissionCallbackProxy::GetInstance
[2020.05.12-16.27.49:389][  0]LogAudioCaptureCore: Display: No Audio Capture implementations found. Audio input will be silent.
[2020.05.12-16.27.49:389][  0]LogAudioCaptureCore: Display: No Audio Capture implementations found. Audio input will be silent.
[2020.05.12-16.27.49:632][  0]LogOcInput: OculusInput pre-init called
[2020.05.12-16.27.49:670][  0]LogWindows: Failed to load 'OVRPlugin.dll' (GetLastError=126)
[2020.05.12-16.27.49:670][  0]LogWindows: File 'OVRPlugin.dll' does not exist
[2020.05.12-16.27.49:959][  0]LogEngine: Initializing Engine...
[2020.05.12-16.27.49:961][  0]LogHMD: Failed to initialize OpenVR with code 110
[2020.05.12-16.27.49:964][  0]LogStats: UGameplayTagsManager::InitializeManager -  0.000 s
[2020.05.12-16.27.50:665][  0]LogInit: Initializing FReadOnlyCVARCache
[2020.05.12-16.27.50:721][  0]LogAIModule: Creating AISystem for world Untitled
[2020.05.12-16.27.50:756][  0]LogAudioMixer: Display: Audio Mixer Platform Settings:
[2020.05.12-16.27.50:756][  0]LogAudioMixer: Display: 	Sample Rate:						  48000
[2020.05.12-16.27.50:756][  0]LogAudioMixer: Display: 	Callback Buffer Frame Size Requested: 1024
[2020.05.12-16.27.50:757][  0]LogAudioMixer: Display: 	Callback Buffer Frame Size To Use:	  1024
[2020.05.12-16.27.50:757][  0]LogAudioMixer: Display: 	Number of buffers to queue:			  2
[2020.05.12-16.27.50:757][  0]LogAudioMixer: Display: 	Max Channels (voices):				  32
[2020.05.12-16.27.50:757][  0]LogAudioMixer: Display: 	Number of Async Source Workers:		  0
[2020.05.12-16.27.50:757][  0]LogAudio: Display: AudioDevice MaxSources: 32
[2020.05.12-16.27.50:758][  0]LogAudio: Display: Using built-in audio occlusion.
[2020.05.12-16.27.50:758][  0]LogAudioMixer: Display: Initializing audio mixer.
[2020.05.12-16.27.50:842][  0]LogAudioMixer: Display: Audio Device Output Speaker Info:
[2020.05.12-16.27.50:842][  0]LogAudioMixer: Display: Name: ProFX 1-2 (2- ProFX)
[2020.05.12-16.27.50:842][  0]LogAudioMixer: Display: Is Default: Yes
[2020.05.12-16.27.50:842][  0]LogAudioMixer: Display: Sample Rate: 44100
[2020.05.12-16.27.50:842][  0]LogAudioMixer: Display: Channel Count Used: 2
[2020.05.12-16.27.50:842][  0]LogAudioMixer: Display: Device Channel Count: 2
[2020.05.12-16.27.50:842][  0]LogAudioMixer: Display: Channel Order:
[2020.05.12-16.27.50:842][  0]LogAudioMixer: Display: 0: FrontLeft
[2020.05.12-16.27.50:842][  0]LogAudioMixer: Display: 1: FrontRight
[2020.05.12-16.27.50:992][  0]LogAudioMixer: Display: Using Audio Device ProFX 1-2 (2- ProFX)
[2020.05.12-16.27.51:011][  0]LogInit: FAudioDevice initialized.
[2020.05.12-16.27.51:012][  0]LogNetVersion: Set ProjectVersion to 1.0.0.0. Version Checksum will be recalculated on next use.
[2020.05.12-16.27.51:140][  0]LogDerivedDataCache: Saved boot cache 0.13s 79MB C:/Users/owner/AppData/Local/UnrealEngine/4.24/DerivedDataCache/Boot.ddc.
[2020.05.12-16.27.51:141][  0]LogInit: Texture streaming: Enabled
[2020.05.12-16.27.51:264][  0]LogEngineSessionManager: EngineSessionManager initialized
[2020.05.12-16.27.51:264][  0]LogEditorSessionSummary: Verbose: Initializing EditorSessionSummaryWriter for editor session tracking
[2020.05.12-16.27.51:271][  0]LogEditorSessionSummary: EditorSessionSummaryWriter initialized
[2020.05.12-16.27.51:353][  0]LogInit: Transaction tracking system initialized
[2020.05.12-16.27.51:493][  0]BlueprintLog: New page: Editor Load
[2020.05.12-16.27.51:828][  0]LocalizationService: Localization service is disabled
[2020.05.12-16.27.52:459][  0]LogAudioMixer: Display: Audio Buffer Underrun detected.
[2020.05.12-16.27.52:847][  0]LogFileCache: Scanning file cache for directory 'C:/Users/owner/Documents/GitHub/SwarmAlien/Swarm_Alien/Content/' took 0.01s
[2020.05.12-16.27.52:848][  0]LogCook: Display: Max memory allowance for cook 16384mb min free memory 0mb
[2020.05.12-16.27.52:848][  0]LogCook: Display: Mobile HDR setting 1
[2020.05.12-16.27.54:649][  0]SourceControl: Source control is disabled
[2020.05.12-16.27.54:649][  0]Cmd: MAP LOAD FILE="../../../../../../Users/owner/Documents/GitHub/SwarmAlien/Swarm_Alien/Content/ThirdPersonBP/Maps/ThirdPersonExampleMap.umap" TEMPLATE=0 SHOWPROGRESS=1 FEATURELEVEL=3
[2020.05.12-16.27.54:650][  0]LightingResults: New page: Lighting Build
[2020.05.12-16.27.54:651][  0]LogWorld: UWorld::CleanupWorld for Untitled, bSessionEnded=true, bCleanupResources=true
[2020.05.12-16.27.54:651][  0]LogSlate: InvalidateAllWidgets triggered.  All widgets were invalidated
[2020.05.12-16.27.54:651][  0]MapCheck: New page: Map Check
[2020.05.12-16.27.54:652][  0]LightingResults: New page: Lighting Build
[2020.05.12-16.27.54:691][  0]LogUObjectHash: Compacting FUObjectHashTables data took   3.49ms
[2020.05.12-16.27.55:435][  0]LogAIModule: Creating AISystem for world ThirdPersonExampleMap
[2020.05.12-16.27.55:453][  0]LogEditorServer: Finished looking for orphan Actors (0.000 secs)
[2020.05.12-16.27.55:508][  0]LogUObjectHash: Compacting FUObjectHashTables data took   5.17ms
[2020.05.12-16.27.55:509][  0]Cmd: MAP CHECKDEP NOCLEARLOG
[2020.05.12-16.27.55:509][  0]MapCheck: Map check complete: 0 Error(s), 0 Warning(s), took 0.356ms to complete.
[2020.05.12-16.27.55:509][  0]LogFileHelpers: Loading map 'ThirdPersonExampleMap' took 0.860
[2020.05.12-16.27.55:821][  0]LogSlate: Updating window title bar state: overlay mode, drag disabled, window buttons hidden, title bar hidden
[2020.05.12-16.27.55:839][  0]LogSlate: Updating window title bar state: overlay mode, drag disabled, window buttons hidden, title bar hidden
[2020.05.12-16.27.55:857][  0]LogSlate: Updating window title bar state: overlay mode, drag disabled, window buttons hidden, title bar hidden
[2020.05.12-16.27.55:875][  0]LogSlate: Updating window title bar state: overlay mode, drag disabled, window buttons hidden, title bar hidden
[2020.05.12-16.27.55:907][  0]LogCollectionManager: Loaded 0 collections in 0.003263 seconds
[2020.05.12-16.27.55:937][  0]LogFileCache: Scanning file cache for directory 'C:/Users/owner/Documents/GitHub/SwarmAlien/Swarm_Alien/Saved/Collections/' took 0.00s
[2020.05.12-16.27.55:937][  0]LogFileCache: Scanning file cache for directory 'C:/Users/owner/Documents/GitHub/SwarmAlien/Swarm_Alien/Content/Developers/owner/Collections/' took 0.00s
[2020.05.12-16.27.55:937][  0]LogFileCache: Scanning file cache for directory 'C:/Users/owner/Documents/GitHub/SwarmAlien/Swarm_Alien/Content/Collections/' took 0.00s
[2020.05.12-16.27.55:937][  0]LogContentBrowser: Native class hierarchy populated in 0.0170 seconds. Added 3149 classes and 764 folders.
[2020.05.12-16.27.55:942][  0]LogContentBrowser: Native class hierarchy updated for 'WidgetCarousel' in 0.0007 seconds. Added 0 classes and 0 folders.
[2020.05.12-16.27.56:035][  0]LogContentBrowser: Native class hierarchy updated for 'AddContentDialog' in 0.0006 seconds. Added 0 classes and 0 folders.
[2020.05.12-16.27.56:064][  0]LogContentBrowser: Native class hierarchy updated for 'SceneOutliner' in 0.0005 seconds. Added 2 classes and 3 folders.
[2020.05.12-16.27.56:243][  0]LogSlate: Took 0.000351 seconds to synchronously load lazily loaded font '../../../Engine/Content/Slate/Fonts/Roboto-Regular.ttf' (155K)
[2020.05.12-16.27.56:246][  0]LogSlate: Took 0.000360 seconds to synchronously load lazily loaded font '../../../Engine/Content/Slate/Fonts/Roboto-Bold.ttf' (160K)
[2020.05.12-16.27.56:255][  0]LogSlate: Took 0.000337 seconds to synchronously load lazily loaded font '../../../Engine/Content/Editor/Slate/Fonts/FontAwesome.ttf' (139K)
[2020.05.12-16.27.56:399][  0]LogRenderer: Reallocating scene render targets to support 816x380 Format 10 NumSamples 1 (Frame:1).
[2020.05.12-16.27.56:688][  0]LogContentBrowser: Native class hierarchy updated for 'HierarchicalLODOutliner' in 0.0008 seconds. Added 0 classes and 0 folders.
[2020.05.12-16.27.56:688][  0]LogLoad: (Engine Initialization) Total time: 26.72 seconds
[2020.05.12-16.27.56:688][  0]LogLoad: (Engine Initialization) Total Blueprint compile time: 0.00 seconds
[2020.05.12-16.27.56:751][  0]LogContentStreaming: Texture pool size now 1000 MB
[2020.05.12-16.27.56:807][  0]LogSlate: Took 0.000317 seconds to synchronously load lazily loaded font '../../../Engine/Content/Slate/Fonts/Roboto-Light.ttf' (167K)
[2020.05.12-16.27.56:848][  1]LogAssetRegistry: Asset discovery search completed in 14.5976 seconds
[2020.05.12-16.27.56:955][  1]LogAkWaapiClient: Successfully connected to Wwise Authoring on localhost.
[2020.05.12-16.27.56:956][  1]LogSlate: Took 0.000355 seconds to synchronously load lazily loaded font '../../../Engine/Content/Slate/Fonts/Roboto-Light.ttf' (167K)
[2020.05.12-16.27.57:633][  1]The following assets could not be successfully checked out from source control:
/Game/WwiseAudio/InitBank
[2020.05.12-16.27.57:636][  1]Cmd: OBJ SAVEPACKAGE PACKAGE="/Game/WwiseAudio/InitBank" FILE="../../../../../../Users/owner/Documents/GitHub/SwarmAlien/Swarm_Alien/Content/WwiseAudio/InitBank.uasset" SILENT=true
[2020.05.12-16.27.57:645][  1]LogSavePackage: Moving '../../../../../../Users/owner/Documents/GitHub/SwarmAlien/Swarm_Alien/Saved/InitBank671BB1CF402ECE7A4DCB2DB186761367.tmp' to '../../../../../../Users/owner/Documents/GitHub/SwarmAlien/Swarm_Alien/Content/WwiseAudio/InitBank.uasset'
[2020.05.12-16.27.58:413][  1]LogCollectionManager: Fixed up redirectors for 0 collections in 0.000013 seconds (updated 0 objects)
[2020.05.12-16.27.58:560][  2]AssetCheck: New page: Asset Save: InitBank
[2020.05.12-16.27.58:560][  2]LogContentValidation: Display: Validating AkInitBank /Game/WwiseAudio/InitBank.InitBank
[2020.05.12-16.29.27:088][100]LogAssetEditorSubsystem: Opening Asset editor for Blueprint /Game/ThirdPersonBP/Blueprints/ThirdPersonCharacter.ThirdPersonCharacter
[2020.05.12-16.29.27:449][100]LogContentBrowser: Native class hierarchy updated for 'BlueprintGraph' in 0.0007 seconds. Added 121 classes and 0 folders.
[2020.05.12-16.29.28:834][100]LogSlate: Took 0.000319 seconds to synchronously load lazily loaded font '../../../Engine/Content/Slate/Fonts/Roboto-BoldCondensed.ttf' (158K)
[2020.05.12-16.29.28:991][101]LogSlate: Took 0.002136 seconds to synchronously load lazily loaded font '../../../Engine/Content/Slate/Fonts/Roboto-Italic.ttf' (157K)
[2020.05.12-16.29.47:235][813]LogTemp: Repeating last play command: Selected Viewport
[2020.05.12-16.29.47:250][813]LogBlueprintUserMessages: Early PlayInEditor Detection: Level '/Game/ThirdPersonBP/Maps/ThirdPersonExampleMap.ThirdPersonExampleMap:PersistentLevel' has LevelScriptBlueprint '/Game/ThirdPersonBP/Maps/ThirdPersonExampleMap.ThirdPersonExampleMap:PersistentLevel.ThirdPersonExampleMap' with GeneratedClass '/Game/ThirdPersonBP/Maps/ThirdPersonExampleMap.ThirdPersonExampleMap_C' with ClassGeneratedBy '/Game/ThirdPersonBP/Maps/ThirdPersonExampleMap.ThirdPersonExampleMap:PersistentLevel.ThirdPersonExampleMap'
[2020.05.12-16.29.47:252][813]LogPlayLevel: PlayLevel: No blueprints needed recompiling
[2020.05.12-16.29.47:253][813]PIE: New page: PIE session: ThirdPersonExampleMap (May 12, 2020, 8:29:47 AM)
[2020.05.12-16.29.47:254][813]LogOnline: OSS: Creating online subsystem instance for: NULL
[2020.05.12-16.29.47:256][813]LogOnline: OSS: TryLoadSubsystemAndSetDefault: Loaded subsystem for module [NULL]
[2020.05.12-16.29.47:257][813]LogPlayLevel: Creating play world package: /Game/ThirdPersonBP/Maps/UEDPIE_0_ThirdPersonExampleMap
[2020.05.12-16.29.47:279][813]LogPlayLevel: PIE: StaticDuplicateObject took: (0.021764s)
[2020.05.12-16.29.47:281][813]LogAIModule: Creating AISystem for world ThirdPersonExampleMap
[2020.05.12-16.29.47:282][813]LogPlayLevel: PIE: World Init took: (0.002840s)
[2020.05.12-16.29.47:282][813]LogPlayLevel: PIE: Created PIE world by copying editor world from /Game/ThirdPersonBP/Maps/ThirdPersonExampleMap.ThirdPersonExampleMap to /Game/ThirdPersonBP/Maps/UEDPIE_0_ThirdPersonExampleMap.ThirdPersonExampleMap (0.025353s)
[2020.05.12-16.29.47:328][813]LogUObjectHash: Compacting FUObjectHashTables data took   4.37ms
[2020.05.12-16.29.47:334][813]LogAudioMixer: Display: Audio Mixer Platform Settings:
[2020.05.12-16.29.47:334][813]LogAudioMixer: Display: 	Sample Rate:						  48000
[2020.05.12-16.29.47:334][813]LogAudioMixer: Display: 	Callback Buffer Frame Size Requested: 1024
[2020.05.12-16.29.47:334][813]LogAudioMixer: Display: 	Callback Buffer Frame Size To Use:	  1024
[2020.05.12-16.29.47:334][813]LogAudioMixer: Display: 	Number of buffers to queue:			  2
[2020.05.12-16.29.47:334][813]LogAudioMixer: Display: 	Max Channels (voices):				  32
[2020.05.12-16.29.47:334][813]LogAudioMixer: Display: 	Number of Async Source Workers:		  0
[2020.05.12-16.29.47:334][813]LogAudio: Display: AudioDevice MaxSources: 32
[2020.05.12-16.29.47:335][813]LogAudio: Display: Using built-in audio occlusion.
[2020.05.12-16.29.47:335][813]LogAudioMixer: Display: Initializing audio mixer.
[2020.05.12-16.29.47:367][813]LogAudioMixer: Display: Audio Device Output Speaker Info:
[2020.05.12-16.29.47:367][813]LogAudioMixer: Display: Name: ProFX 1-2 (2- ProFX)
[2020.05.12-16.29.47:367][813]LogAudioMixer: Display: Is Default: Yes
[2020.05.12-16.29.47:367][813]LogAudioMixer: Display: Sample Rate: 44100
[2020.05.12-16.29.47:367][813]LogAudioMixer: Display: Channel Count Used: 2
[2020.05.12-16.29.47:367][813]LogAudioMixer: Display: Device Channel Count: 2
[2020.05.12-16.29.47:367][813]LogAudioMixer: Display: Channel Order:
[2020.05.12-16.29.47:367][813]LogAudioMixer: Display: 0: FrontLeft
[2020.05.12-16.29.47:367][813]LogAudioMixer: Display: 1: FrontRight
[2020.05.12-16.29.47:381][813]LogAudioMixer: Display: Using Audio Device ProFX 1-2 (2- ProFX)
[2020.05.12-16.29.47:383][813]LogInit: FAudioDevice initialized.
[2020.05.12-16.29.47:489][813]LogBlueprint: Warning: [Compiler Ue4ASP_Character] InputAction Event references unknown Action 'Crouch' for  InputAction Crouch
[2020.05.12-16.29.47:657][813]LogLoad: Game class is 'ThirdPersonGameMode_C'
[2020.05.12-16.29.47:667][813]LogWorld: Bringing World /Game/ThirdPersonBP/Maps/UEDPIE_0_ThirdPersonExampleMap.ThirdPersonExampleMap up for play (max tick rate 0) at 2020.05.12-12.29.47
[2020.05.12-16.29.47:668][813]LogWorld: Bringing up level for play took: 0.002966
[2020.05.12-16.29.47:669][813]LogOnline: OSS: Creating online subsystem instance for: :Context_3
[2020.05.12-16.29.47:685][813]LogContentBrowser: Native class hierarchy updated for 'MovieSceneCapture' in 0.0004 seconds. Added 20 classes and 0 folders.
[2020.05.12-16.29.47:698][813]PIE: Play in editor start time for /Game/ThirdPersonBP/Maps/UEDPIE_0_ThirdPersonExampleMap 0.846
[2020.05.12-16.29.47:699][813]LogBlueprintUserMessages: Late PlayInEditor Detection: Level '/Game/ThirdPersonBP/Maps/ThirdPersonExampleMap.ThirdPersonExampleMap:PersistentLevel' has LevelScriptBlueprint '/Game/ThirdPersonBP/Maps/ThirdPersonExampleMap.ThirdPersonExampleMap:PersistentLevel.ThirdPersonExampleMap' with GeneratedClass '/Game/ThirdPersonBP/Maps/ThirdPersonExampleMap.ThirdPersonExampleMap_C' with ClassGeneratedBy '/Game/ThirdPersonBP/Maps/ThirdPersonExampleMap.ThirdPersonExampleMap:PersistentLevel.ThirdPersonExampleMap'
[2020.05.12-16.30.26:695][524]LogAudioMixer: Display: No commands were queued while flushing the source manager.
[2020.05.12-16.30.26:699][524]LogAudioMixer: Display: Flush succeeded in the source manager command queue (1).
[2020.05.12-16.30.26:717][524]LogAudioMixer: Display: Flush succeeded the source manager command queue (2).
[2020.05.12-16.30.26:718][524]LogBlueprintUserMessages: Early EndPlayMap Detection: Level '/Game/ThirdPersonBP/Maps/ThirdPersonExampleMap.ThirdPersonExampleMap:PersistentLevel' has LevelScriptBlueprint '/Game/ThirdPersonBP/Maps/ThirdPersonExampleMap.ThirdPersonExampleMap:PersistentLevel.ThirdPersonExampleMap' with GeneratedClass '/Game/ThirdPersonBP/Maps/ThirdPersonExampleMap.ThirdPersonExampleMap_C' with ClassGeneratedBy '/Game/ThirdPersonBP/Maps/ThirdPersonExampleMap.ThirdPersonExampleMap:PersistentLevel.ThirdPersonExampleMap'
[2020.05.12-16.30.26:719][524]LogSlate: Updating window title bar state: overlay mode, drag disabled, window buttons hidden, title bar hidden
[2020.05.12-16.30.26:719][524]LogWorld: BeginTearingDown for /Game/ThirdPersonBP/Maps/UEDPIE_0_ThirdPersonExampleMap
[2020.05.12-16.30.26:719][524]LogAudioMixer: Display: No commands were queued while flushing the source manager.
[2020.05.12-16.30.26:719][524]LogWorld: UWorld::CleanupWorld for ThirdPersonExampleMap, bSessionEnded=true, bCleanupResources=true
[2020.05.12-16.30.26:720][524]LogSlate: InvalidateAllWidgets triggered.  All widgets were invalidated
[2020.05.12-16.30.26:735][524]LogPlayLevel: Display: Shutting down PIE online subsystems
[2020.05.12-16.30.26:735][524]LogBlueprintUserMessages: Late EndPlayMap Detection: Level '/Game/ThirdPersonBP/Maps/ThirdPersonExampleMap.ThirdPersonExampleMap:PersistentLevel' has LevelScriptBlueprint '/Game/ThirdPersonBP/Maps/ThirdPersonExampleMap.ThirdPersonExampleMap:PersistentLevel.ThirdPersonExampleMap' with GeneratedClass '/Game/ThirdPersonBP/Maps/ThirdPersonExampleMap.ThirdPersonExampleMap_C' with ClassGeneratedBy '/Game/ThirdPersonBP/Maps/ThirdPersonExampleMap.ThirdPersonExampleMap:PersistentLevel.ThirdPersonExampleMap'
[2020.05.12-16.30.26:742][524]LogSlate: InvalidateAllWidgets triggered.  All widgets were invalidated
[2020.05.12-16.30.26:786][524]LogAudioMixer: Display: No commands were queued while flushing the source manager.
[2020.05.12-16.30.26:790][524]LogSlate: Updating window title bar state: overlay mode, drag disabled, window buttons hidden, title bar hidden
[2020.05.12-16.30.26:829][524]LogUObjectHash: Compacting FUObjectHashTables data took   6.45ms
[2020.05.12-16.30.26:919][525]LogPlayLevel: Display: Destroying online subsystem :Context_3
[2020.05.12-16.30.31:199][682]LogAssetEditorSubsystem: Opening Asset editor for LevelScriptBlueprint /Game/ThirdPersonBP/Maps/ThirdPersonExampleMap.ThirdPersonExampleMap:PersistentLevel.ThirdPersonExampleMap
[2020.05.12-16.30.54:278][706]LogSlate: Window 'ThirdPersonExampleMap' being destroyed
[2020.05.12-16.30.54:292][706]LogSlate: Window 'ThirdPersonExampleMap' being destroyed
[2020.05.12-16.30.54:308][706]LogWorld: UWorld::CleanupWorld for World_1, bSessionEnded=true, bCleanupResources=true
[2020.05.12-16.30.54:308][706]LogSlate: InvalidateAllWidgets triggered.  All widgets were invalidated
[2020.05.12-16.30.54:364][706]LogWorld: UWorld::CleanupWorld for World_4, bSessionEnded=true, bCleanupResources=true
[2020.05.12-16.30.54:364][706]LogSlate: InvalidateAllWidgets triggered.  All widgets were invalidated
[2020.05.12-16.31.02:151][129]LogAkWaapiClient: Unsubscription failed: {"details":{},"message":"Could not find the subscription id.","uri":"wamp.error.no_such_subscription"}
[2020.05.12-16.31.02:151][129]LogAkWaapiClient: Unsubscription failed: {"details":{},"message":"Could not find the subscription id.","uri":"wamp.error.no_such_subscription"}
[2020.05.12-16.31.02:152][129]LogAkWaapiClient: Unsubscription failed: {"details":{},"message":"Could not find the subscription id.","uri":"wamp.error.no_such_subscription"}
[2020.05.12-16.31.02:152][129]LogAkWaapiClient: Unsubscription failed: {"details":{},"message":"Could not find the subscription id.","uri":"wamp.error.no_such_subscription"}
[2020.05.12-16.31.02:152][129]LogAkWaapiClient: Unsubscription failed: {"details":{},"message":"Could not find the subscription id.","uri":"wamp.error.no_such_subscription"}
[2020.05.12-16.31.02:152][129]LogAkWaapiClient: Unsubscription failed: {"details":{},"message":"Could not find the subscription id.","uri":"wamp.error.no_such_subscription"}
[2020.05.12-16.45.17:399][678]LogSavePackage: Moving '../../../../../../Users/owner/Documents/GitHub/SwarmAlien/Swarm_Alien/Saved/FootstepsC1213B6D4C7111E4C63E9A9DB822C53E.tmp' to '../../../../../../Users/owner/Documents/GitHub/SwarmAlien/Swarm_Alien/Content/WwiseAudio/Events/Default_Work_Unit/Footsteps.uasset'
[2020.05.12-16.45.17:676][678]LogUObjectHash: Compacting FUObjectHashTables data took   5.38ms
[2020.05.12-16.45.17:742][678]LogUObjectHash: Compacting FUObjectHashTables data took   3.36ms
[2020.05.12-16.45.17:774][678]LogUObjectHash: Compacting FUObjectHashTables data took   0.96ms
[2020.05.12-16.45.17:847][679]AssetCheck: New page: Asset Save: Footsteps
[2020.05.12-16.45.17:847][679]LogContentValidation: Display: Validating AkAudioEvent /Game/WwiseAudio/Events/Default_Work_Unit/Footsteps.Footsteps
[2020.05.12-16.47.05:974][791]LogAssetEditorSubsystem: Opening Asset editor for AkAudioEvent /Game/WwiseAudio/Events/Default_Work_Unit/Footsteps.Footsteps
[2020.05.12-16.47.09:253][956]LogSlate: Window 'Footsteps' being destroyed
[2020.05.12-16.47.09:268][956]LogSlate: Window 'Footsteps' being destroyed
[2020.05.12-16.47.28:507][926]LogSlate: Window 'Generate Sound Data' being destroyed
[2020.05.12-16.47.28:849][930]LogAkSoundData: Display: WAAPI Sound Data Builder task took 0.165006 seconds.
[2020.05.12-16.47.28:849][930]LogAkAudio: Error: Plug-in not found: 7733251
[2020.05.12-16.47.28:849][930]LogAkAudio: Error: Master bus structure not loaded: make sure that the first bank to be loaded contains the master bus information
[2020.05.12-16.47.28:849][930]LogAkAudio: Error: Bank Load Failed
[2020.05.12-16.47.43:886][811]LogAssetEditorSubsystem: Opening Asset editor for AkAudioEvent /Game/WwiseAudio/Events/Default_Work_Unit/Footsteps.Footsteps
[2020.05.12-16.47.49:647][115]LogSlate: Window 'Footsteps' being destroyed
[2020.05.12-16.47.49:662][115]LogSlate: Window 'Footsteps' being destroyed
[2020.05.12-16.48.08:763][223]LogTemp: Repeating last play command: Selected Viewport
[2020.05.12-16.48.08:773][223]LogBlueprintUserMessages: Early PlayInEditor Detection: Level '/Game/ThirdPersonBP/Maps/ThirdPersonExampleMap.ThirdPersonExampleMap:PersistentLevel' has LevelScriptBlueprint '/Game/ThirdPersonBP/Maps/ThirdPersonExampleMap.ThirdPersonExampleMap:PersistentLevel.ThirdPersonExampleMap' with GeneratedClass '/Game/ThirdPersonBP/Maps/ThirdPersonExampleMap.ThirdPersonExampleMap_C' with ClassGeneratedBy '/Game/ThirdPersonBP/Maps/ThirdPersonExampleMap.ThirdPersonExampleMap:PersistentLevel.ThirdPersonExampleMap'
[2020.05.12-16.48.08:773][223]LogPlayLevel: PlayLevel: No blueprints needed recompiling
[2020.05.12-16.48.08:773][223]PIE: New page: PIE session: ThirdPersonExampleMap (May 12, 2020, 8:48:08 AM)
[2020.05.12-16.48.08:774][223]LogPlayLevel: Creating play world package: /Game/ThirdPersonBP/Maps/UEDPIE_0_ThirdPersonExampleMap
[2020.05.12-16.48.08:790][223]LogPlayLevel: PIE: StaticDuplicateObject took: (0.016665s)
[2020.05.12-16.48.08:792][223]LogAIModule: Creating AISystem for world ThirdPersonExampleMap
[2020.05.12-16.48.08:792][223]LogPlayLevel: PIE: World Init took: (0.001774s)
[2020.05.12-16.48.08:792][223]LogPlayLevel: PIE: Created PIE world by copying editor world from /Game/ThirdPersonBP/Maps/ThirdPersonExampleMap.ThirdPersonExampleMap to /Game/ThirdPersonBP/Maps/UEDPIE_0_ThirdPersonExampleMap.ThirdPersonExampleMap (0.018675s)
[2020.05.12-16.48.08:828][223]LogUObjectHash: Compacting FUObjectHashTables data took   2.74ms
[2020.05.12-16.48.08:833][223]LogAudioMixer: Display: Audio Mixer Platform Settings:
[2020.05.12-16.48.08:834][223]LogAudioMixer: Display: 	Sample Rate:						  48000
[2020.05.12-16.48.08:834][223]LogAudioMixer: Display: 	Callback Buffer Frame Size Requested: 1024
[2020.05.12-16.48.08:834][223]LogAudioMixer: Display: 	Callback Buffer Frame Size To Use:	  1024
[2020.05.12-16.48.08:834][223]LogAudioMixer: Display: 	Number of buffers to queue:			  2
[2020.05.12-16.48.08:834][223]LogAudioMixer: Display: 	Max Channels (voices):				  32
[2020.05.12-16.48.08:834][223]LogAudioMixer: Display: 	Number of Async Source Workers:		  0
[2020.05.12-16.48.08:834][223]LogAudio: Display: AudioDevice MaxSources: 32
[2020.05.12-16.48.08:834][223]LogAudio: Display: Using built-in audio occlusion.
[2020.05.12-16.48.08:834][223]LogAudioMixer: Display: Initializing audio mixer.
[2020.05.12-16.48.08:864][223]LogAudioMixer: Display: Audio Device Output Speaker Info:
[2020.05.12-16.48.08:864][223]LogAudioMixer: Display: Name: ProFX 1-2 (2- ProFX)
[2020.05.12-16.48.08:864][223]LogAudioMixer: Display: Is Default: Yes
[2020.05.12-16.48.08:864][223]LogAudioMixer: Display: Sample Rate: 44100
[2020.05.12-16.48.08:864][223]LogAudioMixer: Display: Channel Count Used: 2
[2020.05.12-16.48.08:864][223]LogAudioMixer: Display: Device Channel Count: 2
[2020.05.12-16.48.08:864][223]LogAudioMixer: Display: Channel Order:
[2020.05.12-16.48.08:864][223]LogAudioMixer: Display: 0: FrontLeft
[2020.05.12-16.48.08:864][223]LogAudioMixer: Display: 1: FrontRight
[2020.05.12-16.48.08:876][223]LogAudioMixer: Display: Using Audio Device ProFX 1-2 (2- ProFX)
[2020.05.12-16.48.08:878][223]LogInit: FAudioDevice initialized.
[2020.05.12-16.48.08:885][223]LogLoad: Game class is 'ThirdPersonGameMode_C'
[2020.05.12-16.48.08:888][223]LogWorld: Bringing World /Game/ThirdPersonBP/Maps/UEDPIE_0_ThirdPersonExampleMap.ThirdPersonExampleMap up for play (max tick rate 60) at 2020.05.12-12.48.08
[2020.05.12-16.48.08:888][223]LogWorld: Bringing up level for play took: 0.001698
[2020.05.12-16.48.08:888][223]LogOnline: OSS: Creating online subsystem instance for: :Context_7
[2020.05.12-16.48.08:892][223]LogAkAudio: Error: Event ID not found: 2385628198
[2020.05.12-16.48.08:892][223]LogAkAudio: Error: Failed posting event: Footsteps
[2020.05.12-16.48.08:893][223]PIE: Play in editor start time for /Game/ThirdPersonBP/Maps/UEDPIE_0_ThirdPersonExampleMap 0.041
[2020.05.12-16.48.08:893][223]LogBlueprintUserMessages: Late PlayInEditor Detection: Level '/Game/ThirdPersonBP/Maps/ThirdPersonExampleMap.ThirdPersonExampleMap:PersistentLevel' has LevelScriptBlueprint '/Game/ThirdPersonBP/Maps/ThirdPersonExampleMap.ThirdPersonExampleMap:PersistentLevel.ThirdPersonExampleMap' with GeneratedClass '/Game/ThirdPersonBP/Maps/ThirdPersonExampleMap.ThirdPersonExampleMap_C' with ClassGeneratedBy '/Game/ThirdPersonBP/Maps/ThirdPersonExampleMap.ThirdPersonExampleMap:PersistentLevel.ThirdPersonExampleMap'
[2020.05.12-16.48.21:301][966]LogAudioMixer: Display: No commands were queued while flushing the source manager.
[2020.05.12-16.48.21:311][966]LogAudioMixer: Display: Flush succeeded in the source manager command queue (1).
[2020.05.12-16.48.21:331][966]LogAudioMixer: Display: Flush succeeded the source manager command queue (2).
[2020.05.12-16.48.21:331][966]LogBlueprintUserMessages: Early EndPlayMap Detection: Level '/Game/ThirdPersonBP/Maps/ThirdPersonExampleMap.ThirdPersonExampleMap:PersistentLevel' has LevelScriptBlueprint '/Game/ThirdPersonBP/Maps/ThirdPersonExampleMap.ThirdPersonExampleMap:PersistentLevel.ThirdPersonExampleMap' with GeneratedClass '/Game/ThirdPersonBP/Maps/ThirdPersonExampleMap.ThirdPersonExampleMap_C' with ClassGeneratedBy '/Game/ThirdPersonBP/Maps/ThirdPersonExampleMap.ThirdPersonExampleMap:PersistentLevel.ThirdPersonExampleMap'
[2020.05.12-16.48.21:332][966]LogSlate: Updating window title bar state: overlay mode, drag disabled, window buttons hidden, title bar hidden
[2020.05.12-16.48.21:332][966]LogWorld: BeginTearingDown for /Game/ThirdPersonBP/Maps/UEDPIE_0_ThirdPersonExampleMap
[2020.05.12-16.48.21:332][966]LogAudioMixer: Display: No commands were queued while flushing the source manager.
[2020.05.12-16.48.21:332][966]LogWorld: UWorld::CleanupWorld for ThirdPersonExampleMap, bSessionEnded=true, bCleanupResources=true
[2020.05.12-16.48.21:333][966]LogSlate: InvalidateAllWidgets triggered.  All widgets were invalidated
[2020.05.12-16.48.21:340][966]LogPlayLevel: Display: Shutting down PIE online subsystems
[2020.05.12-16.48.21:340][966]LogBlueprintUserMessages: Late EndPlayMap Detection: Level '/Game/ThirdPersonBP/Maps/ThirdPersonExampleMap.ThirdPersonExampleMap:PersistentLevel' has LevelScriptBlueprint '/Game/ThirdPersonBP/Maps/ThirdPersonExampleMap.ThirdPersonExampleMap:PersistentLevel.ThirdPersonExampleMap' with GeneratedClass '/Game/ThirdPersonBP/Maps/ThirdPersonExampleMap.ThirdPersonExampleMap_C' with ClassGeneratedBy '/Game/ThirdPersonBP/Maps/ThirdPersonExampleMap.ThirdPersonExampleMap:PersistentLevel.ThirdPersonExampleMap'
[2020.05.12-16.48.21:345][966]LogSlate: InvalidateAllWidgets triggered.  All widgets were invalidated
[2020.05.12-16.48.21:376][966]LogAudioMixer: Display: No commands were queued while flushing the source manager.
[2020.05.12-16.48.21:380][966]LogSlate: Updating window title bar state: overlay mode, drag disabled, window buttons hidden, title bar hidden
[2020.05.12-16.48.21:385][966]LogUObjectHash: Compacting FUObjectHashTables data took   3.09ms
[2020.05.12-16.48.21:408][967]LogPlayLevel: Display: Destroying online subsystem :Context_7
[2020.05.12-16.48.42:974][966]The following assets could not be successfully checked out from source control:
/Game/WwiseAudio/Events/Default_Work_Unit/Footsteps
[2020.05.12-16.48.42:992][966]LogSavePackage: Moving '../../../../../../Users/owner/Documents/GitHub/SwarmAlien/Swarm_Alien/Saved/Footsteps4366D22E4DE57426BCF9CA80D6961CBA.tmp' to '../../../../../../Users/owner/Documents/GitHub/SwarmAlien/Swarm_Alien/Content/WwiseAudio/Events/Default_Work_Unit/Footsteps.uasset'
[2020.05.12-16.48.43:006][966]LogAkSoundData: Display: Wwise Asset Synchronization took 0.407410 seconds.
[2020.05.12-16.48.43:013][966]AssetCheck: New page: Asset Save: Footsteps
[2020.05.12-16.48.43:013][966]LogContentValidation: Display: Validating AkAudioEvent /Game/WwiseAudio/Events/Default_Work_Unit/Footsteps.Footsteps
[2020.05.12-16.48.51:515][395]LogSlate: Window 'Generate Sound Data' being destroyed
[2020.05.12-16.48.51:763][396]LogAkSoundData: Display: WAAPI Sound Data Builder task took 0.116274 seconds.
[2020.05.12-16.48.51:763][396]LogAkAudio: Error: Plug-in not found: 7733251
[2020.05.12-16.48.51:763][396]LogAkAudio: Error: Master bus structure not loaded: make sure that the first bank to be loaded contains the master bus information
[2020.05.12-16.48.51:763][396]LogAkAudio: Error: Bank Load Failed
[2020.05.12-16.48.53:312][477]LogTemp: Repeating last play command: Selected Viewport
[2020.05.12-16.48.53:321][477]LogBlueprintUserMessages: Early PlayInEditor Detection: Level '/Game/ThirdPersonBP/Maps/ThirdPersonExampleMap.ThirdPersonExampleMap:PersistentLevel' has LevelScriptBlueprint '/Game/ThirdPersonBP/Maps/ThirdPersonExampleMap.ThirdPersonExampleMap:PersistentLevel.ThirdPersonExampleMap' with GeneratedClass '/Game/ThirdPersonBP/Maps/ThirdPersonExampleMap.ThirdPersonExampleMap_C' with ClassGeneratedBy '/Game/ThirdPersonBP/Maps/ThirdPersonExampleMap.ThirdPersonExampleMap:PersistentLevel.ThirdPersonExampleMap'
[2020.05.12-16.48.53:321][477]LogPlayLevel: PlayLevel: No blueprints needed recompiling
[2020.05.12-16.48.53:321][477]PIE: New page: PIE session: ThirdPersonExampleMap (May 12, 2020, 8:48:53 AM)
[2020.05.12-16.48.53:321][477]LogPlayLevel: Creating play world package: /Game/ThirdPersonBP/Maps/UEDPIE_0_ThirdPersonExampleMap
[2020.05.12-16.48.53:338][477]LogPlayLevel: PIE: StaticDuplicateObject took: (0.016699s)
[2020.05.12-16.48.53:340][477]LogAIModule: Creating AISystem for world ThirdPersonExampleMap
[2020.05.12-16.48.53:344][477]LogPlayLevel: PIE: World Init took: (0.005273s)
[2020.05.12-16.48.53:344][477]LogPlayLevel: PIE: Created PIE world by copying editor world from /Game/ThirdPersonBP/Maps/ThirdPersonExampleMap.ThirdPersonExampleMap to /Game/ThirdPersonBP/Maps/UEDPIE_0_ThirdPersonExampleMap.ThirdPersonExampleMap (0.022285s)
[2020.05.12-16.48.53:378][477]LogUObjectHash: Compacting FUObjectHashTables data took   3.00ms
[2020.05.12-16.48.53:381][477]LogAudioMixer: Display: Audio Mixer Platform Settings:
[2020.05.12-16.48.53:381][477]LogAudioMixer: Display: 	Sample Rate:						  48000
[2020.05.12-16.48.53:381][477]LogAudioMixer: Display: 	Callback Buffer Frame Size Requested: 1024
[2020.05.12-16.48.53:381][477]LogAudioMixer: Display: 	Callback Buffer Frame Size To Use:	  1024
[2020.05.12-16.48.53:381][477]LogAudioMixer: Display: 	Number of buffers to queue:			  2
[2020.05.12-16.48.53:381][477]LogAudioMixer: Display: 	Max Channels (voices):				  32
[2020.05.12-16.48.53:381][477]LogAudioMixer: Display: 	Number of Async Source Workers:		  0
[2020.05.12-16.48.53:381][477]LogAudio: Display: AudioDevice MaxSources: 32
[2020.05.12-16.48.53:382][477]LogAudio: Display: Using built-in audio occlusion.
[2020.05.12-16.48.53:382][477]LogAudioMixer: Display: Initializing audio mixer.
[2020.05.12-16.48.53:411][477]LogAudioMixer: Display: Audio Device Output Speaker Info:
[2020.05.12-16.48.53:411][477]LogAudioMixer: Display: Name: ProFX 1-2 (2- ProFX)
[2020.05.12-16.48.53:411][477]LogAudioMixer: Display: Is Default: Yes
[2020.05.12-16.48.53:411][477]LogAudioMixer: Display: Sample Rate: 44100
[2020.05.12-16.48.53:411][477]LogAudioMixer: Display: Channel Count Used: 2
[2020.05.12-16.48.53:411][477]LogAudioMixer: Display: Device Channel Count: 2
[2020.05.12-16.48.53:411][477]LogAudioMixer: Display: Channel Order:
[2020.05.12-16.48.53:411][477]LogAudioMixer: Display: 0: FrontLeft
[2020.05.12-16.48.53:411][477]LogAudioMixer: Display: 1: FrontRight
[2020.05.12-16.48.53:424][477]LogAudioMixer: Display: Using Audio Device ProFX 1-2 (2- ProFX)
[2020.05.12-16.48.53:426][477]LogInit: FAudioDevice initialized.
[2020.05.12-16.48.53:442][477]LogLoad: Game class is 'ThirdPersonGameMode_C'
[2020.05.12-16.48.53:444][477]LogWorld: Bringing World /Game/ThirdPersonBP/Maps/UEDPIE_0_ThirdPersonExampleMap.ThirdPersonExampleMap up for play (max tick rate 60) at 2020.05.12-12.48.53
[2020.05.12-16.48.53:444][477]LogWorld: Bringing up level for play took: 0.001681
[2020.05.12-16.48.53:445][477]LogOnline: OSS: Creating online subsystem instance for: :Context_8
[2020.05.12-16.48.53:446][477]LogAkAudio: Error: Event ID not found: 2385628198
[2020.05.12-16.48.53:446][477]LogAkAudio: Error: Failed posting event: Footsteps
[2020.05.12-16.48.53:447][477]PIE: Play in editor start time for /Game/ThirdPersonBP/Maps/UEDPIE_0_ThirdPersonExampleMap 0.595
[2020.05.12-16.48.53:447][477]LogBlueprintUserMessages: Late PlayInEditor Detection: Level '/Game/ThirdPersonBP/Maps/ThirdPersonExampleMap.ThirdPersonExampleMap:PersistentLevel' has LevelScriptBlueprint '/Game/ThirdPersonBP/Maps/ThirdPersonExampleMap.ThirdPersonExampleMap:PersistentLevel.ThirdPersonExampleMap' with GeneratedClass '/Game/ThirdPersonBP/Maps/ThirdPersonExampleMap.ThirdPersonExampleMap_C' with ClassGeneratedBy '/Game/ThirdPersonBP/Maps/ThirdPersonExampleMap.ThirdPersonExampleMap:PersistentLevel.ThirdPersonExampleMap'
[2020.05.12-16.49.27:961][538]LogAudioMixer: Display: No commands were queued while flushing the source manager.
[2020.05.12-16.49.27:975][538]LogAudioMixer: Display: Flush succeeded in the source manager command queue (1).
[2020.05.12-16.49.28:003][538]LogAudioMixer: Display: Flush succeeded the source manager command queue (2).
[2020.05.12-16.49.28:003][538]LogBlueprintUserMessages: Early EndPlayMap Detection: Level '/Game/ThirdPersonBP/Maps/ThirdPersonExampleMap.ThirdPersonExampleMap:PersistentLevel' has LevelScriptBlueprint '/Game/ThirdPersonBP/Maps/ThirdPersonExampleMap.ThirdPersonExampleMap:PersistentLevel.ThirdPersonExampleMap' with GeneratedClass '/Game/ThirdPersonBP/Maps/ThirdPersonExampleMap.ThirdPersonExampleMap_C' with ClassGeneratedBy '/Game/ThirdPersonBP/Maps/ThirdPersonExampleMap.ThirdPersonExampleMap:PersistentLevel.ThirdPersonExampleMap'
[2020.05.12-16.49.28:003][538]LogSlate: Updating window title bar state: overlay mode, drag disabled, window buttons hidden, title bar hidden
[2020.05.12-16.49.28:003][538]LogWorld: BeginTearingDown for /Game/ThirdPersonBP/Maps/UEDPIE_0_ThirdPersonExampleMap
[2020.05.12-16.49.28:003][538]LogAudioMixer: Display: No commands were queued while flushing the source manager.
[2020.05.12-16.49.28:004][538]LogWorld: UWorld::CleanupWorld for ThirdPersonExampleMap, bSessionEnded=true, bCleanupResources=true
[2020.05.12-16.49.28:004][538]LogSlate: InvalidateAllWidgets triggered.  All widgets were invalidated
[2020.05.12-16.49.28:010][538]LogPlayLevel: Display: Shutting down PIE online subsystems
[2020.05.12-16.49.28:011][538]LogBlueprintUserMessages: Late EndPlayMap Detection: Level '/Game/ThirdPersonBP/Maps/ThirdPersonExampleMap.ThirdPersonExampleMap:PersistentLevel' has LevelScriptBlueprint '/Game/ThirdPersonBP/Maps/ThirdPersonExampleMap.ThirdPersonExampleMap:PersistentLevel.ThirdPersonExampleMap' with GeneratedClass '/Game/ThirdPersonBP/Maps/ThirdPersonExampleMap.ThirdPersonExampleMap_C' with ClassGeneratedBy '/Game/ThirdPersonBP/Maps/ThirdPersonExampleMap.ThirdPersonExampleMap:PersistentLevel.ThirdPersonExampleMap'
[2020.05.12-16.49.28:016][538]LogSlate: InvalidateAllWidgets triggered.  All widgets were invalidated
[2020.05.12-16.49.28:046][538]LogAudioMixer: Display: No commands were queued while flushing the source manager.
[2020.05.12-16.49.28:049][538]LogSlate: Updating window title bar state: overlay mode, drag disabled, window buttons hidden, title bar hidden
[2020.05.12-16.49.28:055][538]LogUObjectHash: Compacting FUObjectHashTables data took   2.97ms
[2020.05.12-16.49.28:073][539]LogPlayLevel: Display: Destroying online subsystem :Context_8
[2020.05.12-16.50.52:183][  1]LogUObjectHash: Compacting FUObjectHashTables data took   6.84ms
[2020.05.12-16.50.52:870][  1]LogSavePackage: Moving '../../../../../../Users/owner/Documents/GitHub/SwarmAlien/Swarm_Alien/Saved/ThirdPersonExampleMap_Auto1F8A3FECD4D774C109AC232A808833B91.tmp' to '../../../../../../Users/owner/Documents/GitHub/SwarmAlien/Swarm_Alien/Saved/Autosaves/Game/ThirdPersonBP/Maps/ThirdPersonExampleMap_Auto1.umap'
[2020.05.12-16.50.52:875][  1]LogFileHelpers: Editor autosave (incl. sublevels) for '/Game/ThirdPersonBP/Maps/ThirdPersonExampleMap' took 0.780
[2020.05.12-16.50.52:875][  1]LogFileHelpers: Editor autosave (incl. sublevels) for all levels took 0.780
[2020.05.12-16.50.52:876][  1]OBJ SavePackage: Generating thumbnails for [0] asset(s) in package [/Game/WwiseAudio/Media/292329815] ([1] browsable assets)...
[2020.05.12-16.50.52:877][  1]OBJ SavePackage: Finished generating thumbnails for package [/Game/WwiseAudio/Media/292329815]
[2020.05.12-16.50.52:881][  1]LogSavePackage: Moving '../../../../../../Users/owner/Documents/GitHub/SwarmAlien/Swarm_Alien/Saved/292329815_Auto190DBB01C4BF5FA82CAEB069326619703.tmp' to '../../../../../../Users/owner/Documents/GitHub/SwarmAlien/Swarm_Alien/Saved/Autosaves/Game/WwiseAudio/Media/292329815_Auto1.uasset'
[2020.05.12-16.50.52:885][  1]OBJ SavePackage: Generating thumbnails for [0] asset(s) in package [/Game/WwiseAudio/Media/723469021] ([1] browsable assets)...
[2020.05.12-16.50.52:885][  1]OBJ SavePackage: Finished generating thumbnails for package [/Game/WwiseAudio/Media/723469021]
[2020.05.12-16.50.52:890][  1]LogSavePackage: Moving '../../../../../../Users/owner/Documents/GitHub/SwarmAlien/Swarm_Alien/Saved/723469021_Auto1989B6BAC49FFD9E050B2648EA31C393C.tmp' to '../../../../../../Users/owner/Documents/GitHub/SwarmAlien/Swarm_Alien/Saved/Autosaves/Game/WwiseAudio/Media/723469021_Auto1.uasset'
[2020.05.12-16.50.52:894][  1]OBJ SavePackage: Generating thumbnails for [0] asset(s) in package [/Game/WwiseAudio/Media/785326006] ([1] browsable assets)...
[2020.05.12-16.50.52:894][  1]OBJ SavePackage: Finished generating thumbnails for package [/Game/WwiseAudio/Media/785326006]
[2020.05.12-16.50.52:900][  1]LogSavePackage: Moving '../../../../../../Users/owner/Documents/GitHub/SwarmAlien/Swarm_Alien/Saved/785326006_Auto19AB7A18A4F84641FD5B13C881B297068.tmp' to '../../../../../../Users/owner/Documents/GitHub/SwarmAlien/Swarm_Alien/Saved/Autosaves/Game/WwiseAudio/Media/785326006_Auto1.uasset'
[2020.05.12-16.50.52:906][  1]OBJ SavePackage: Generating thumbnails for [0] asset(s) in package [/Game/WwiseAudio/Media/809536787] ([1] browsable assets)...
[2020.05.12-16.50.52:906][  1]OBJ SavePackage: Finished generating thumbnails for package [/Game/WwiseAudio/Media/809536787]
[2020.05.12-16.50.52:910][  1]LogSavePackage: Moving '../../../../../../Users/owner/Documents/GitHub/SwarmAlien/Swarm_Alien/Saved/809536787_Auto1FBE1A37344422C25DFA6C6BB239CD2DD.tmp' to '../../../../../../Users/owner/Documents/GitHub/SwarmAlien/Swarm_Alien/Saved/Autosaves/Game/WwiseAudio/Media/809536787_Auto1.uasset'
[2020.05.12-16.50.52:914][  1]OBJ SavePackage: Generating thumbnails for [0] asset(s) in package [/Game/WwiseAudio/Media/938570340] ([1] browsable assets)...
[2020.05.12-16.50.52:914][  1]OBJ SavePackage: Finished generating thumbnails for package [/Game/WwiseAudio/Media/938570340]
[2020.05.12-16.50.52:919][  1]LogSavePackage: Moving '../../../../../../Users/owner/Documents/GitHub/SwarmAlien/Swarm_Alien/Saved/938570340_Auto15E52401549467A0C151119BC003E5963.tmp' to '../../../../../../Users/owner/Documents/GitHub/SwarmAlien/Swarm_Alien/Saved/Autosaves/Game/WwiseAudio/Media/938570340_Auto1.uasset'
[2020.05.12-16.50.52:922][  1]LogFileHelpers: Auto-saving content packages took 0.047
